ean_max_load_factor; 1.44
ean_prop_activities; 2344
ean_prop_activities_change; 1828
ean_prop_activities_drive; 246
ean_prop_activities_feas; 516
ean_prop_activities_headway; 0
ean_prop_activities_objective; 614
ean_prop_activities_od; 539
ean_prop_activities_od_change; 98
ean_prop_activities_od_drive; 244
ean_prop_activities_od_wait; 197
ean_prop_activities_wait; 200
ean_prop_change_od_max; 125
ean_prop_change_od_min; 65
ean_prop_events; 492
ean_prop_events_arrival; 246
ean_prop_events_departure; 246
ean_prop_headways_dep; true
ean_prop_headways_interstation; false
ean_time_average; 7.24
lc_average_distance; 319263.27
lc_average_edges; 5.29
lc_average_length; 9.61
lc_min_distance; 108166.54
lc_min_edges; 2
lc_min_length; 3
lc_time_average; 15.39
lc_var_distance; 7990011690.71
lc_var_edges; 2.78
lc_var_length; 15.12
tim_feasible; true
tim_number_of_transfers; 493
tim_obj_ptt1; 70993
tim_obj_slack_average; 22
tim_obj_slack_change_average; 15.8
tim_obj_slack_drive_average; 0
tim_obj_slack_headway_average; 0
tim_obj_slack_wait_average; 0
tim_perceived_time_average; 15.85
tim_prop_changes_od_max; 61
tim_prop_changes_od_min; 3
tim_time_average; 14.97
vs_average_waiting_time; 9.44
vs_circulations; 31
vs_cost; 8147.47
vs_empty_cost; 3740.23
vs_empty_distance; 44.6
vs_empty_distance_with_depot; 44.6
vs_empty_duration_driving; 300
vs_empty_duration_standing; 1076
vs_empty_duration_with_depot; 1376
vs_empty_trips; 23
vs_empty_trips_depot; 23
vs_feasible; true
vs_full_distance; 1595.38
vs_full_duration; 4834
vs_maximal_waiting_time; 32
vs_minimal_waiting_time; 1
vs_vehicles; 31
