ean_max_load_factor; 0.81
ean_prop_activities; 23934
ean_prop_activities_change; 22000
ean_prop_activities_drive; 828
ean_prop_activities_feas; 1934
ean_prop_activities_headway; 0
ean_prop_activities_objective; 2060
ean_prop_activities_od; 1164
ean_prop_activities_od_change; 126
ean_prop_activities_od_drive; 611
ean_prop_activities_od_wait; 427
ean_prop_activities_wait; 592
ean_prop_change_od_max; 65
ean_prop_change_od_min; 22.5
ean_prop_events; 1656
ean_prop_events_arrival; 828
ean_prop_events_departure; 828
ean_prop_headways_dep; true
ean_prop_headways_interstation; false
ean_time_average; 5.95
lc_average_distance; 227895.94
lc_average_edges; 3.83
lc_average_length; 6.56
lc_cost; 5955.84
lc_feasible; true
lc_min_distance; 60000
lc_min_edges; 1
lc_min_length; 1.2
lc_mip_gap; 0
lc_obj_direct_travellers_sp; 2821
lc_obj_game; 6540
lc_prop_directed_lines; 82
lc_prop_freq_max; 8
lc_time_average; 15.49
lc_var_distance; 14156125243.01
lc_var_edges; 3.85
lc_var_length; 13.22
tim_feasible; true
tim_number_of_transfers; 645
tim_obj_ptt1; 69102
tim_obj_slack_average; 26
tim_obj_slack_change_average; 9.2
tim_obj_slack_drive_average; 0
tim_obj_slack_headway_average; 0
tim_obj_slack_wait_average; 0
tim_perceived_time_average; 15.92
tim_prop_changes_od_max; 61
tim_prop_changes_od_min; 3
tim_time_average; 14.86
vs_average_waiting_time; 5.17
vs_circulations; 94
vs_cost; 25821.48
vs_empty_cost; 11392.78
vs_empty_distance; 128.8
vs_empty_distance_with_depot; 128.8
vs_empty_duration_driving; 511
vs_empty_duration_standing; 3808
vs_empty_duration_with_depot; 4319
vs_empty_trips; 64
vs_empty_trips_depot; 64
vs_feasible; true
vs_full_distance; 5210.8
vs_full_duration; 15870
vs_maximal_waiting_time; 29
vs_minimal_waiting_time; 0
vs_vehicles; 94
