ean_max_load_factor; 0.96
ean_prop_activities; 1644
ean_prop_activities_change; 1236
ean_prop_activities_drive; 196
ean_prop_activities_feas; 408
ean_prop_activities_headway; 0
ean_prop_activities_objective; 517
ean_prop_activities_od; 470
ean_prop_activities_od_change; 109
ean_prop_activities_od_drive; 196
ean_prop_activities_od_wait; 165
ean_prop_activities_wait; 166
ean_prop_change_od_max; 125.0
ean_prop_change_od_min; 95.0
ean_prop_events; 392
ean_prop_events_arrival; 196
ean_prop_events_departure; 196
ean_prop_headways_dep; true
ean_prop_headways_interstation; false
ean_time_average; 8.109887535145267
lc_average_distance; 441.26018132971905
lc_average_edges; 6.428571428571429
lc_average_length; 12.857142857142858
lc_cost; 764.7
lc_feasible; true
lc_min_distance; 316.22776601683796
lc_min_edges; 5.0
lc_min_length; 10.0
lc_obj_direct_travellers_sp; 2220
lc_obj_game; 360
lc_prop_directed_lines; 28
lc_prop_freq_max; 2
lc_time_average; 20.168106834249805
lc_var_distance; 5289.452372863481
lc_var_edges; 1.9591836734693828
lc_var_length; 7.836734693877531
tim_feasible; true
tim_number_of_transfers; 321
tim_obj_ptt1; 45678
tim_obj_slack_average; 20
tim_obj_slack_change_average; 15.785047
tim_obj_slack_drive_average; 0.000000
tim_obj_slack_headway_average; 0.000000
tim_obj_slack_wait_average; 0.000000
tim_perceived_time_average; 16.950118
tim_prop_changes_od_max; 60
tim_prop_changes_od_min; 3
tim_time_average; 16.311469
vs_average_waiting_time; 11.4375
vs_circulations; 8
vs_cost; 6439.0
vs_empty_distance; 0.0
vs_empty_distance_with_depot; 0.0
vs_empty_duration; 0.0
vs_empty_duration_with_depot; 0.0
vs_empty_trips; 0
vs_empty_trips_depot; 0
vs_feasible; true
vs_full_distance; 1396.0
vs_full_duration; 4188.0
vs_maximal_waiting_time; 24.0
vs_minimal_waiting_time; 0.0
vs_vehicles; 26
