ean_max_load_factor; 0.8
ean_prop_activities; 8788
ean_prop_activities_change; 7732
ean_prop_activities_drive; 494
ean_prop_activities_feas; 1056
ean_prop_activities_headway; 0
ean_prop_activities_objective; 1134
ean_prop_activities_od; 852
ean_prop_activities_od_change; 78
ean_prop_activities_od_drive; 439
ean_prop_activities_od_wait; 335
ean_prop_activities_wait; 380
ean_prop_change_od_max; 125
ean_prop_change_od_min; 55
ean_prop_events; 988
ean_prop_events_arrival; 494
ean_prop_events_departure; 494
ean_prop_headways_dep; true
ean_prop_headways_interstation; false
ean_time_average; 5.72
lc_average_distance; 247099.84
lc_average_edges; 4.44
lc_average_length; 7.63
lc_min_distance; 60000
lc_min_edges; 1
lc_min_length; 1.2
lc_time_average; 15.54
lc_var_distance; 11493753619.38
lc_var_edges; 4.41
lc_var_length; 14.49
tim_feasible; true
tim_number_of_transfers; 290
tim_obj_ptt1; 64243
tim_obj_slack_average; 26
tim_obj_slack_change_average; 10.67
tim_obj_slack_drive_average; 0
tim_obj_slack_headway_average; 0
tim_obj_slack_wait_average; 0
tim_perceived_time_average; 15.12
tim_prop_changes_od_max; 61
tim_prop_changes_od_min; 3
tim_time_average; 14.56
vs_average_waiting_time; 12.1
vs_circulations; 68
vs_cost; 17749.98
vs_empty_cost; 8745.32
vs_empty_distance; 47.16
vs_empty_distance_with_depot; 47.16
vs_empty_duration_driving; 312
vs_empty_duration_standing; 4187
vs_empty_duration_with_depot; 4499
vs_empty_trips; 27
vs_empty_trips_depot; 27
vs_feasible; true
vs_full_distance; 3250.88
vs_full_duration; 9908
vs_maximal_waiting_time; 57
vs_minimal_waiting_time; 0
vs_vehicles; 68
