lc_average_distance; 399.4778629043569
lc_average_edges; 5.51063829787234
lc_average_length; 6.51063829787234
lc_cost; 49602
lc_feasible; true
lc_min_distance; 200.0
lc_min_edges; 4.0
lc_min_length; 0.0
lc_obj_direct_travellers_sp; 2546
lc_obj_game; 1941
lc_prop_directed_lines; 94
lc_prop_freq_max; 1
lc_time_average; 20.168106834249805
lc_var_distance; 7438.713645112497
lc_var_edges; 1.1435038478949764
lc_var_length; 80.93073789044817
tim_feasible; true
tim_number_of_transfers; 0
tim_obj_ptt1; 39324
tim_obj_slack_average; 27
tim_obj_slack_change_average; 0.000000
tim_obj_slack_drive_average; 0.000000
tim_obj_slack_headway_average; 0.000000
tim_obj_slack_wait_average; 0.000000
tim_perceived_time_average; 15.445405
tim_prop_changes_od_max; 0
tim_prop_changes_od_min; 2147483647
tim_time_average; 15.445405
vs_average_waiting_time; 5.923566878980892
vs_circulations; 24
vs_cost; 29996.0
vs_empty_distance; 0.0
vs_empty_distance_with_depot; 0.0
vs_empty_duration; 0.0
vs_empty_duration_with_depot; 0.0
vs_empty_trips; 0
vs_empty_trips_depot; 0
vs_feasible; true
vs_full_distance; 4144.0
vs_full_duration; 12432.0
vs_maximal_waiting_time; 24.0
vs_minimal_waiting_time; 0.0
vs_vehicles; 62
