ean_max_load_factor; 1.32
ean_prop_activities; 1146
ean_prop_activities_change; 802
ean_prop_activities_drive; 164
ean_prop_activities_feas; 344
ean_prop_activities_headway; 0
ean_prop_activities_objective; 490
ean_prop_activities_od; 442
ean_prop_activities_od_change; 146
ean_prop_activities_od_drive; 164
ean_prop_activities_od_wait; 132
ean_prop_activities_wait; 132
ean_prop_change_od_max; 125.0
ean_prop_change_od_min; 95.0
ean_prop_events; 328
ean_prop_events_arrival; 164
ean_prop_events_departure; 164
ean_prop_headways_dep; true
ean_prop_headways_interstation; false
ean_time_average; 11.398292337639356
lc_average_distance; 310.43251901394774
lc_average_edges; 4.933333333333334
lc_average_length; 9.866666666666667
lc_cost; 812.3
lc_feasible; true
lc_min_distance; 100.0
lc_min_edges; 3.0
lc_min_length; 6.0
lc_obj_direct_travellers_sp; 1802
lc_obj_game; 218
lc_prop_directed_lines; 30
lc_prop_freq_max; 2
lc_time_average; 20.168106834249805
lc_var_distance; 10298.31780532164
lc_var_edges; 1.5288888888888863
lc_var_length; 6.115555555555545
tim_feasible; true
tim_number_of_transfers; 691
tim_obj_ptt1; 55494
tim_obj_slack_average; 19
tim_obj_slack_change_average; 17.188133
tim_obj_slack_drive_average; 0.000000
tim_obj_slack_headway_average; 0.000000
tim_obj_slack_wait_average; 0.000000
tim_perceived_time_average; 19.247054
tim_prop_changes_od_max; 57
tim_prop_changes_od_min; 3
tim_time_average; 17.699529
vs_average_waiting_time; 6.221052631578948
vs_circulations; 8
vs_cost; 5228.5
vs_empty_distance; 0.0
vs_empty_distance_with_depot; 0.0
vs_empty_duration; 0.0
vs_empty_duration_with_depot; 0.0
vs_empty_trips; 0
vs_empty_trips_depot; 0
vs_feasible; true
vs_full_distance; 1174.0
vs_full_duration; 3522.0
vs_maximal_waiting_time; 24.0
vs_minimal_waiting_time; 0.0
vs_vehicles; 20
