ean_max_load_factor; 0.38
ean_prop_activities; 25974
ean_prop_activities_change; 24218
ean_prop_activities_drive; 868
ean_prop_activities_feas; 1756
ean_prop_activities_headway; 0
ean_prop_activities_objective; 1762
ean_prop_activities_od; 1173
ean_prop_activities_od_change; 6
ean_prop_activities_od_drive; 669
ean_prop_activities_od_wait; 498
ean_prop_activities_wait; 668
ean_prop_change_od_max; 125
ean_prop_change_od_min; 85
ean_prop_events; 1736
ean_prop_events_arrival; 868
ean_prop_events_departure; 868
ean_prop_headways_dep; true
ean_prop_headways_interstation; false
ean_time_average; 4.79
lc_average_distance; 282559.82
lc_average_edges; 4.37
lc_average_length; 8.21
lc_min_distance; 60000
lc_min_edges; 1
lc_min_length; 1.2
lc_time_average; 15.39
lc_var_distance; 12058916412.79
lc_var_edges; 2.77
lc_var_length; 13.93
tim_feasible; true
tim_number_of_transfers; 36
tim_obj_ptt1; 58378
tim_obj_slack_average; 28
tim_obj_slack_change_average; 3.85
tim_obj_slack_drive_average; 0
tim_obj_slack_headway_average; 0
tim_obj_slack_wait_average; 0
tim_perceived_time_average; 14.18
tim_prop_changes_od_max; 54
tim_prop_changes_od_min; 3
tim_time_average; 14.06
vs_average_waiting_time; 12.43
vs_circulations; 126
vs_cost; 33783.23
vs_empty_cost; 16072.17
vs_empty_distance; 7
vs_empty_distance_with_depot; 7
vs_empty_duration_driving; 79
vs_empty_duration_standing; 8229
vs_empty_duration_with_depot; 8308
vs_empty_trips; 4
vs_empty_trips_depot; 4
vs_feasible; true
vs_full_distance; 6409.6
vs_full_duration; 19432
vs_maximal_waiting_time; 46
vs_minimal_waiting_time; 0
vs_vehicles; 126
