ean_max_load_factor; 0.44
ean_prop_activities; 44880
ean_prop_activities_change; 42146
ean_prop_activities_drive; 1122
ean_prop_activities_feas; 2734
ean_prop_activities_headway; 0
ean_prop_activities_objective; 2752
ean_prop_activities_od; 1427
ean_prop_activities_od_change; 18
ean_prop_activities_od_drive; 807
ean_prop_activities_od_wait; 602
ean_prop_activities_wait; 886
ean_prop_change_od_max; 41.67
ean_prop_change_od_min; 19.17
ean_prop_events; 2244
ean_prop_events_arrival; 1122
ean_prop_events_departure; 1122
ean_prop_headways_dep; true
ean_prop_headways_interstation; false
ean_time_average; 4.74
lc_average_distance; 305958.18
lc_average_edges; 4.65
lc_average_length; 8.91
lc_cost; 5979.78
lc_feasible; true
lc_min_distance; 60000
lc_min_edges; 1
lc_min_length; 1.2
lc_mip_gap; 0
lc_obj_direct_travellers_sp; 3528
lc_obj_game; 10673
lc_prop_directed_lines; 136
lc_prop_freq_max; 9
lc_time_average; 15.39
lc_var_distance; 10171943665.2
lc_var_edges; 2.76
lc_var_length; 13.49
tim_feasible; true
tim_number_of_transfers; 122
tim_obj_ptt1; 60532
tim_obj_slack_average; 27
tim_obj_slack_change_average; 16.52
tim_obj_slack_drive_average; 0
tim_obj_slack_headway_average; 0
tim_obj_slack_wait_average; 0
tim_perceived_time_average; 14.41
tim_prop_changes_od_max; 60
tim_prop_changes_od_min; 3
tim_time_average; 14.14
vs_average_waiting_time; 7.59
vs_circulations; 137
vs_cost; 37728.57
vs_empty_cost; 16205.98
vs_empty_distance; 37.6
vs_empty_distance_with_depot; 37.6
vs_empty_duration_driving; 266
vs_empty_duration_standing; 5613
vs_empty_duration_with_depot; 5879
vs_empty_trips; 20
vs_empty_trips_depot; 20
vs_feasible; true
vs_full_distance; 7794.5
vs_full_duration; 23594
vs_maximal_waiting_time; 29
vs_minimal_waiting_time; 0
vs_vehicles; 137
