ean_max_load_factor; 0.43
ean_prop_activities; 47594
ean_prop_activities_change; 42396
ean_prop_activities_drive; 2716
ean_prop_activities_feas; 5198
ean_prop_activities_headway; 0
ean_prop_activities_objective; 10039
ean_prop_activities_od; 10030
ean_prop_activities_od_change; 4841
ean_prop_activities_od_drive; 2713
ean_prop_activities_od_wait; 2476
ean_prop_activities_wait; 2482
ean_prop_change_od_max; 125
ean_prop_change_od_min; 125
ean_prop_events; 5432
ean_prop_events_arrival; 2716
ean_prop_events_departure; 2716
ean_prop_headways_dep; true
ean_prop_headways_interstation; false
ean_time_average; 5.27
lc_average_distance; 5389.51
lc_average_edges; 11.61
lc_average_length; 7.34
lc_cost; 5960.82
lc_feasible; true
lc_min_distance; 499.92
lc_min_edges; 6
lc_min_length; 1.9
lc_mip_gap; 0
lc_obj_direct_travellers_sp; 1015
lc_obj_game; 9572
lc_prop_directed_lines; 234
lc_prop_freq_max; 1
lc_time_average; 18.58
lc_var_distance; 3859982.82
lc_var_edges; 9.38
lc_var_length; 24.95
tim_feasible; true
tim_number_of_transfers; 181
tim_obj_ptt1; 56632
tim_obj_slack_average; 30
tim_obj_slack_change_average; 24.12
tim_obj_slack_drive_average; 0
tim_obj_slack_headway_average; 0
tim_obj_slack_wait_average; 0
tim_perceived_time_average; 16.5
tim_prop_changes_od_max; 62
tim_prop_changes_od_min; 3
tim_time_average; 14.98
vs_average_waiting_time; 28.68
vs_circulations; 220
vs_cost; 162131.02
vs_empty_cost; 67579.02
vs_empty_distance; 522.4
vs_empty_distance_with_depot; 522.4
vs_empty_duration_driving; 8523
vs_empty_duration_standing; 98986
vs_empty_duration_with_depot; 107509
vs_empty_trips; 481
vs_empty_trips_depot; 481
vs_feasible; true
vs_full_distance; 30173
vs_full_duration; 118302
vs_maximal_waiting_time; 57
vs_minimal_waiting_time; 0
vs_vehicles; 220
