ean_max_load_factor; 0.61
ean_prop_activities; 52546
ean_prop_activities_change; 45776
ean_prop_activities_drive; 2708
ean_prop_activities_feas; 6770
ean_prop_activities_headway; 0
ean_prop_activities_objective; 12814
ean_prop_activities_od; 11188
ean_prop_activities_od_change; 6044
ean_prop_activities_od_drive; 2691
ean_prop_activities_od_wait; 2453
ean_prop_activities_wait; 2476
ean_prop_change_od_max; 65
ean_prop_change_od_min; 65
ean_prop_events; 5416
ean_prop_events_arrival; 2708
ean_prop_events_departure; 2708
ean_prop_headways_dep; true
ean_prop_headways_interstation; false
ean_time_average; 4.04
lc_average_distance; 5496.08
lc_average_edges; 11.67
lc_average_length; 6.45
lc_cost; 5905.09
lc_feasible; true
lc_min_distance; 499.92
lc_min_edges; 6
lc_min_length; 2.3
lc_mip_gap; 0
lc_obj_direct_travellers_sp; 958
lc_obj_game; 11884
lc_prop_directed_lines; 116
lc_prop_freq_max; 2
lc_time_average; 18.85
lc_var_distance; 3652299.8
lc_var_edges; 9.7
lc_var_length; 6.61
tim_feasible; true
tim_number_of_transfers; 262
tim_obj_ptt1; 63906
tim_obj_slack_average; 25
tim_obj_slack_change_average; 24.15
tim_obj_slack_drive_average; 0
tim_obj_slack_headway_average; 0
tim_obj_slack_wait_average; 0
tim_perceived_time_average; 18.08
tim_prop_changes_od_max; 62
tim_prop_changes_od_min; 3
tim_time_average; 16.06
vs_average_waiting_time; 8.33
vs_circulations; 128
vs_cost; 108622.78
vs_empty_cost; 27019.55
vs_empty_distance; 574.7
vs_empty_distance_with_depot; 574.7
vs_empty_duration_driving; 3847
vs_empty_duration_standing; 28211
vs_empty_duration_with_depot; 32058
vs_empty_trips; 572
vs_empty_trips_depot; 572
vs_feasible; true
vs_full_distance; 26256.6
vs_full_duration; 101324
vs_maximal_waiting_time; 29
vs_minimal_waiting_time; 0
vs_vehicles; 128
