ean_max_load_factor; 0.91
ean_prop_activities; 1552
ean_prop_activities_change; 1144
ean_prop_activities_drive; 190
ean_prop_activities_feas; 408
ean_prop_activities_headway; 0
ean_prop_activities_objective; 534
ean_prop_activities_od; 475
ean_prop_activities_od_change; 126
ean_prop_activities_od_drive; 190
ean_prop_activities_od_wait; 159
ean_prop_activities_wait; 160
ean_prop_change_od_max; 125.0
ean_prop_change_od_min; 65.0
ean_prop_events; 380
ean_prop_events_arrival; 190
ean_prop_events_departure; 190
ean_prop_headways_dep; true
ean_prop_headways_interstation; false
ean_time_average; 7.890482822655525
lc_average_distance; 446.30544226958875
lc_average_edges; 6.230769230769231
lc_average_length; 12.461538461538462
lc_cost; 764.25
lc_feasible; true
lc_min_distance; 282.842712474619
lc_min_edges; 4.0
lc_min_length; 8.0
lc_obj_direct_travellers_sp; 2204
lc_obj_game; 349
lc_prop_directed_lines; 26
lc_prop_freq_max; 2
lc_time_average; 20.203456402199528
lc_var_distance; 9272.990662085242
lc_var_edges; 1.8698224852071021
lc_var_length; 7.479289940828409
tim_feasible; true
tim_number_of_transfers; 339
tim_obj_ptt1; 46584
tim_obj_slack_average; 20
tim_obj_slack_change_average; 16.575221
tim_obj_slack_drive_average; 0.000000
tim_obj_slack_headway_average; 0.000000
tim_obj_slack_wait_average; 0.000000
tim_perceived_time_average; 17.157109
tim_prop_changes_od_max; 60
tim_prop_changes_od_min; 3
tim_time_average; 16.481147
vs_average_waiting_time; 10.9875
vs_circulations; 8
vs_cost; 6174.0
vs_empty_distance; 0.0
vs_empty_distance_with_depot; 0.0
vs_empty_duration; 0.0
vs_empty_duration_with_depot; 0.0
vs_empty_trips; 0
vs_empty_trips_depot; 0
vs_feasible; true
vs_full_distance; 1336.0
vs_full_duration; 4008.0
vs_maximal_waiting_time; 24.0
vs_minimal_waiting_time; 0.0
vs_vehicles; 25
