ean_max_load_factor; 1.92
ean_prop_activities; 11466
ean_prop_activities_change; 10228
ean_prop_activities_drive; 566
ean_prop_activities_feas; 1238
ean_prop_activities_headway; 0
ean_prop_activities_objective; 1306
ean_prop_activities_od; 922
ean_prop_activities_od_change; 68
ean_prop_activities_od_drive; 486
ean_prop_activities_od_wait; 368
ean_prop_activities_wait; 438
ean_prop_change_od_max; 95
ean_prop_change_od_min; 45
ean_prop_events; 1132
ean_prop_events_arrival; 566
ean_prop_events_departure; 566
ean_prop_headways_dep; true
ean_prop_headways_interstation; false
ean_time_average; 5.42
lc_average_distance; 262745.58
lc_average_edges; 4.51
lc_average_length; 8.01
lc_min_distance; 60000
lc_min_edges; 1
lc_min_length; 1.2
lc_time_average; 15.39
lc_var_distance; 10745152792.66
lc_var_edges; 3.98
lc_var_length; 16.73
tim_feasible; true
tim_number_of_transfers; 234
tim_obj_ptt1; 64877
tim_obj_slack_average; 27
tim_obj_slack_change_average; 12.44
tim_obj_slack_drive_average; 0
tim_obj_slack_headway_average; 0
tim_obj_slack_wait_average; 0
tim_perceived_time_average; 15.08
tim_prop_changes_od_max; 60
tim_prop_changes_od_min; 3
tim_time_average; 14.5
vs_average_waiting_time; 9.92
vs_circulations; 74
vs_cost; 19432.89
vs_empty_cost; 9175.31
vs_empty_distance; 40.76
vs_empty_distance_with_depot; 40.76
vs_empty_duration_driving; 226
vs_empty_duration_standing; 3888
vs_empty_duration_with_depot; 4114
vs_empty_trips; 24
vs_empty_trips_depot; 24
vs_feasible; true
vs_full_distance; 3702.28
vs_full_duration; 11290
vs_maximal_waiting_time; 48
vs_minimal_waiting_time; 0
vs_vehicles; 74
