ean_max_load_factor; 1.16
ean_prop_activities; 2758
ean_prop_activities_change; 2206
ean_prop_activities_drive; 270
ean_prop_activities_feas; 552
ean_prop_activities_headway; 0
ean_prop_activities_objective; 630
ean_prop_activities_od; 553
ean_prop_activities_od_change; 78
ean_prop_activities_od_drive; 264
ean_prop_activities_od_wait; 211
ean_prop_activities_wait; 218
ean_prop_change_od_max; 125
ean_prop_change_od_min; 95
ean_prop_events; 540
ean_prop_events_arrival; 270
ean_prop_events_departure; 270
ean_prop_headways_dep; true
ean_prop_headways_interstation; false
ean_time_average; 7.08
lc_average_distance; 337147.58
lc_average_edges; 5.16
lc_average_length; 9.42
lc_cost; 1318.99
lc_feasible; true
lc_min_distance; 122065.56
lc_min_edges; 3
lc_min_length; 4.4
lc_mip_gap; 0
lc_obj_direct_travellers_sp; 3343
lc_obj_game; 605
lc_prop_directed_lines; 50
lc_prop_freq_max; 2
lc_time_average; 15.41
lc_var_distance; 8187508904.04
lc_var_edges; 1.33
lc_var_length; 7.39
tim_feasible; true
tim_number_of_transfers; 383
tim_obj_ptt1; 63369
tim_obj_slack_average; 23
tim_obj_slack_change_average; 9
tim_obj_slack_drive_average; 0
tim_obj_slack_headway_average; 0
tim_obj_slack_wait_average; 0
tim_perceived_time_average; 15.12
tim_prop_changes_od_max; 62
tim_prop_changes_od_min; 3
tim_time_average; 14.54
vs_average_waiting_time; 8.69
vs_circulations; 33
vs_cost; 8772.42
vs_empty_cost; 3927.07
vs_empty_distance; 33.6
vs_empty_distance_with_depot; 33.6
vs_empty_duration_driving; 159
vs_empty_duration_standing; 1225
vs_empty_duration_with_depot; 1384
vs_empty_trips; 14
vs_empty_trips_depot; 14
vs_feasible; true
vs_full_distance; 1756.35
vs_full_duration; 5306
vs_maximal_waiting_time; 34
vs_minimal_waiting_time; 0
vs_vehicles; 33
