lc_average_distance; 251156.34
lc_average_edges; 5.67
lc_average_length; 10.44
lc_cost; 1474.98
lc_feasible; true
lc_min_distance; 60000
lc_min_edges; 1
lc_min_length; 1.2
lc_obj_direct_travellers_sp; 2163
lc_obj_game; 977
lc_prop_directed_lines; 30
lc_prop_freq_max; 5
lc_time_average; 15.39
lc_var_distance; 11653823993.59
lc_var_edges; 6.49
lc_var_length; 26.74
tim_feasible; true
tim_obj_ptt1; 89144
tim_obj_slack_average; 22
tim_perceived_time_average; 17.69
tim_time_average; 15.99
vs_average_waiting_time; 13.77
vs_circulations; 48
vs_cost; 14269.07
vs_empty_cost; 7983.53
vs_empty_distance; 90.29
vs_empty_distance_with_depot; 864.3
vs_empty_duration_driving; 371
vs_empty_duration_standing; 1873
vs_empty_duration_with_depot; 4529
vs_empty_trips; 25
vs_empty_trips_depot; 115
vs_feasible; true
vs_full_distance; 2275.36
vs_full_duration; 6894
vs_maximal_waiting_time; 47
vs_minimal_waiting_time; 0
vs_vehicles; 48
