ean_max_load_factor; 0.99
ean_prop_activities; 4454
ean_prop_activities_change; 2986
ean_prop_activities_drive; 714
ean_prop_activities_feas; 1468
ean_prop_activities_headway; 0
ean_prop_activities_objective; 2814
ean_prop_activities_od; 2726
ean_prop_activities_od_change; 1346
ean_prop_activities_od_drive; 714
ean_prop_activities_od_wait; 666
ean_prop_activities_wait; 666
ean_prop_change_od_max; 125
ean_prop_change_od_min; 95
ean_prop_events; 1428
ean_prop_events_arrival; 714
ean_prop_events_departure; 714
ean_prop_headways_dep; true
ean_prop_headways_interstation; false
ean_time_average; 6.3
lc_average_distance; 7065.09
lc_average_edges; 14.65
lc_average_length; 7.33
lc_cost; 1226.78
lc_feasible; true
lc_min_distance; 3664.39
lc_min_edges; 9
lc_min_length; 4.5
lc_mip_gap; 0.01
lc_obj_direct_travellers_sp; 810
lc_obj_game; 915
lc_prop_directed_lines; 46
lc_prop_freq_max; 2
lc_time_average; 22.15
lc_var_distance; 5102496.08
lc_var_edges; 16.57
lc_var_length; 4.14
tim_feasible; true
tim_number_of_transfers; 953
tim_obj_ptt1; 75417
tim_obj_slack_average; 20
tim_obj_slack_change_average; 20.07
tim_obj_slack_drive_average; 0
tim_obj_slack_headway_average; 0
tim_obj_slack_wait_average; 0
tim_perceived_time_average; 22.24
tim_prop_changes_od_max; 62
tim_prop_changes_od_min; 3
tim_time_average; 19.58
vs_average_waiting_time; 11.35
vs_circulations; 33
vs_cost; 26980.6
vs_empty_cost; 7135.1
vs_empty_distance; 5.9
vs_empty_distance_with_depot; 5.9
vs_empty_duration_driving; 27
vs_empty_duration_standing; 9156
vs_empty_duration_with_depot; 9183
vs_empty_trips; 4
vs_empty_trips_depot; 4
vs_feasible; true
vs_full_distance; 6267
vs_full_duration; 25068
vs_maximal_waiting_time; 22
vs_minimal_waiting_time; 2
vs_vehicles; 33
