ean_max_load_factor; 0.95
ean_prop_activities; 32968
ean_prop_activities_change; 27124
ean_prop_activities_drive; 2242
ean_prop_activities_feas; 5844
ean_prop_activities_headway; 0
ean_prop_activities_objective; 11178
ean_prop_activities_od; 9439
ean_prop_activities_od_change; 5334
ean_prop_activities_od_drive; 2136
ean_prop_activities_od_wait; 1969
ean_prop_activities_wait; 2076
ean_prop_change_od_max; 85
ean_prop_change_od_min; 25
ean_prop_events; 4484
ean_prop_events_arrival; 2242
ean_prop_events_departure; 2242
ean_prop_headways_dep; true
ean_prop_headways_interstation; false
ean_time_average; 3.76
lc_average_distance; 6546.23
lc_average_edges; 13.26
lc_average_length; 6.61
lc_cost; 4234.01
lc_feasible; true
lc_min_distance; 4499.55
lc_min_edges; 9
lc_min_length; 4.5
lc_mip_gap; 0
lc_obj_direct_travellers_sp; 785
lc_obj_game; 10601
lc_prop_directed_lines; 54
lc_prop_freq_max; 6
lc_time_average; 22.13
lc_var_distance; 5074659.25
lc_var_edges; 19.45
lc_var_length; 4.92
tim_feasible; true
tim_number_of_transfers; 564
tim_obj_ptt1; 82638
tim_obj_slack_average; 24
tim_obj_slack_change_average; 24.76
tim_obj_slack_drive_average; 0
tim_obj_slack_headway_average; 0
tim_obj_slack_wait_average; 0
tim_perceived_time_average; 20.74
tim_prop_changes_od_max; 62
tim_prop_changes_od_min; 3
tim_time_average; 17.89
vs_average_waiting_time; 4.93
vs_circulations; 89
vs_cost; 77426.57
vs_empty_cost; 15239.13
vs_empty_distance; 189.7
vs_empty_distance_with_depot; 189.7
vs_empty_duration_driving; 990
vs_empty_duration_standing; 13541
vs_empty_duration_with_depot; 14531
vs_empty_trips; 89
vs_empty_trips_depot; 89
vs_feasible; true
vs_full_distance; 19634.4
vs_full_duration; 78566
vs_maximal_waiting_time; 55
vs_minimal_waiting_time; 0
vs_vehicles; 89
