ean_max_load_factor; 1.19
ean_prop_activities; 2714
ean_prop_activities_change; 1930
ean_prop_activities_drive; 288
ean_prop_activities_feas; 784
ean_prop_activities_headway; 0
ean_prop_activities_objective; 1064
ean_prop_activities_od; 741
ean_prop_activities_od_change; 280
ean_prop_activities_od_drive; 273
ean_prop_activities_od_wait; 188
ean_prop_activities_wait; 210
ean_prop_change_od_max; 85
ean_prop_change_od_min; 27
ean_prop_events; 576
ean_prop_events_arrival; 288
ean_prop_events_departure; 288
ean_prop_headways_dep; true
ean_prop_headways_interstation; false
ean_time_average; 8.84
lc_average_distance; 315196.95
lc_average_edges; 3.08
lc_average_length; 6.34
lc_cost; 1970.76
lc_feasible; true
lc_min_distance; 190000
lc_min_edges; 1
lc_min_length; 3.8
lc_obj_direct_travellers_sp; 1855
lc_obj_game; 680
lc_prop_directed_lines; 26
lc_prop_freq_max; 6
lc_time_average; 15.39
lc_var_distance; 8112418360.15
lc_var_edges; 1.76
lc_var_length; 3.15
tim_feasible; true
tim_number_of_transfers; 2098
tim_obj_ptt1; 111958
tim_obj_slack_average; 20
tim_obj_slack_change_average; 20.58
tim_obj_slack_drive_average; 0.02
tim_obj_slack_headway_average; 0
tim_obj_slack_wait_average; 0.1
tim_perceived_time_average; 19.2
tim_prop_changes_od_max; 62
tim_prop_changes_od_min; 3
tim_time_average; 16.44
vs_average_waiting_time; 4.67
vs_circulations; 35
vs_cost; 9503.76
vs_empty_cost; 3995.77
vs_empty_distance; 4.4
vs_empty_distance_with_depot; 4.4
vs_empty_duration_driving; 26
vs_empty_duration_standing; 1148
vs_empty_duration_with_depot; 1174
vs_empty_trips; 3
vs_empty_trips_depot; 3
vs_feasible; true
vs_full_distance; 1959.22
vs_full_duration; 6166
vs_maximal_waiting_time; 28
vs_minimal_waiting_time; 0
vs_vehicles; 35
