ean_max_load_factor; 3.38
ean_prop_activities; 7494
ean_prop_activities_change; 5876
ean_prop_activities_drive; 676
ean_prop_activities_feas; 1618
ean_prop_activities_headway; 0
ean_prop_activities_objective; 1932
ean_prop_activities_od; 1280
ean_prop_activities_od_change; 314
ean_prop_activities_od_drive; 556
ean_prop_activities_od_wait; 410
ean_prop_activities_wait; 546
ean_prop_change_od_max; 125
ean_prop_change_od_min; 25
ean_prop_events; 1352
ean_prop_events_arrival; 676
ean_prop_events_departure; 676
ean_prop_headways_dep; true
ean_prop_headways_interstation; false
ean_time_average; 4.57
lc_average_distance; 14548.62
lc_average_edges; 4.56
lc_average_length; 27.82
lc_min_distance; 1446.51
lc_min_edges; 2
lc_min_length; 8.7
lc_time_average; 23.34
lc_var_distance; 76276705.1
lc_var_edges; 5.85
lc_var_length; 111.67
lpool_average_distance; 7789.12
lpool_average_edges; 1.73
lpool_average_length; 11.39
lpool_cost; 6433.33
lpool_feasible_circles; true
lpool_feasible_od; true
lpool_min_distance; 201.32
lpool_min_edges; 1
lpool_min_length; 0.2
lpool_prop_directed_lines; 254
lpool_time_average; 23.65
lpool_var_distance; 28943791.62
lpool_var_edges; 1.42
lpool_var_length; 83.28
od_prop_entries_greater_zero; 675
od_prop_overall_sum; 5581.18
tim_feasible; true
tim_number_of_transfers; 295
tim_obj_ptt1; 125230
tim_obj_slack_average; 23
tim_obj_slack_change_average; 15.87
tim_obj_slack_drive_average; 0
tim_obj_slack_headway_average; 0
tim_obj_slack_wait_average; 0
tim_perceived_time_average; 21.85
tim_prop_changes_od_max; 62
tim_prop_changes_od_min; 3
tim_time_average; 21.49
vs_average_waiting_time; 9.72
vs_circulations; 92
vs_cost; 38422.61
vs_empty_cost; 10781.12
vs_empty_distance; 15.47
vs_empty_distance_with_depot; 15.47
vs_empty_duration_driving; 74
vs_empty_duration_standing; 3665
vs_empty_duration_with_depot; 3739
vs_empty_trips; 7
vs_empty_trips_depot; 7
vs_feasible; true
vs_full_distance; 14242.66
vs_full_duration; 15066
vs_maximal_waiting_time; 40
vs_minimal_waiting_time; 0
vs_vehicles; 92
