ean_max_load_factor; 1.52
ean_prop_activities; 8356
ean_prop_activities_change; 5432
ean_prop_activities_drive; 1292
ean_prop_activities_feas; 2924
ean_prop_activities_headway; 0
ean_prop_activities_objective; 4332
ean_prop_activities_od; 3881
ean_prop_activities_od_change; 1408
ean_prop_activities_od_drive; 1291
ean_prop_activities_od_wait; 1182
ean_prop_activities_wait; 1184
ean_prop_change_od_max; 125
ean_prop_change_od_min; 65
ean_prop_events; 2584
ean_prop_events_arrival; 1292
ean_prop_events_departure; 1292
ean_prop_headways_dep; true
ean_prop_headways_interstation; false
ean_time_average; 5.47
lc_average_distance; 4122.64
lc_average_edges; 11.72
lc_average_length; 6.1
lc_cost; 2749.28
lc_feasible; true
lc_min_distance; 499.92
lc_min_edges; 5
lc_min_length; 2.3
lc_mip_gap; 0
lc_obj_direct_travellers_sp; 785
lc_obj_game; 2906
lc_prop_directed_lines; 72
lc_prop_freq_max; 2
lc_time_average; 19.19
lc_var_distance; 11789485.75
lc_var_edges; 24.76
lc_var_length; 6.92
tim_feasible; true
tim_number_of_transfers; 1004
tim_obj_ptt1; 66310
tim_obj_slack_average; 18
tim_obj_slack_change_average; 14.1
tim_obj_slack_drive_average; 0
tim_obj_slack_headway_average; 0
tim_obj_slack_wait_average; 0.06
tim_perceived_time_average; 19.36
tim_prop_changes_od_max; 62
tim_prop_changes_od_min; 3
tim_time_average; 16.6
vs_average_waiting_time; 13.45
vs_circulations; 78
vs_cost; 59792.68
vs_empty_cost; 18863.67
vs_empty_distance; 640.5
vs_empty_distance_with_depot; 640.5
vs_empty_duration_driving; 3738
vs_empty_duration_standing; 20509
vs_empty_duration_with_depot; 24247
vs_empty_trips; 286
vs_empty_trips_depot; 286
vs_feasible; true
vs_full_distance; 11819.9
vs_full_duration; 55678
vs_maximal_waiting_time; 59
vs_minimal_waiting_time; 0
vs_vehicles; 78
