ean_max_load_factor; 0.99
ean_prop_activities; 4182
ean_prop_activities_change; 2740
ean_prop_activities_drive; 670
ean_prop_activities_feas; 1442
ean_prop_activities_headway; 0
ean_prop_activities_objective; 2574
ean_prop_activities_od; 2424
ean_prop_activities_od_change; 1132
ean_prop_activities_od_drive; 670
ean_prop_activities_od_wait; 622
ean_prop_activities_wait; 622
ean_prop_change_od_max; 125
ean_prop_change_od_min; 65
ean_prop_events; 1340
ean_prop_events_arrival; 670
ean_prop_events_departure; 670
ean_prop_headways_dep; true
ean_prop_headways_interstation; false
ean_time_average; 5.83
lc_average_distance; 6398.25
lc_average_edges; 13.52
lc_average_length; 6.76
lc_cost; 1225.12
lc_feasible; true
lc_min_distance; 2175
lc_min_edges; 6
lc_min_length; 3
lc_mip_gap; 0
lc_obj_direct_travellers_sp; 794
lc_obj_game; 823
lc_prop_directed_lines; 42
lc_prop_freq_max; 2
lc_time_average; 22.15
lc_var_distance; 7388250.66
lc_var_edges; 23.3
lc_var_length; 5.82
tim_feasible; true
tim_number_of_transfers; 1107
tim_obj_ptt1; 79119
tim_obj_slack_average; 19
tim_obj_slack_change_average; 21.19
tim_obj_slack_drive_average; 0
tim_obj_slack_headway_average; 0
tim_obj_slack_wait_average; 0
tim_perceived_time_average; 22.47
tim_prop_changes_od_max; 62
tim_prop_changes_od_min; 3
tim_time_average; 19.69
vs_average_waiting_time; 13.21
vs_circulations; 33
vs_cost; 26239.92
vs_empty_cost; 7741.83
vs_empty_distance; 1.5
vs_empty_distance_with_depot; 1.5
vs_empty_duration_driving; 9
vs_empty_duration_standing; 10646
vs_empty_duration_with_depot; 10655
vs_empty_trips; 2
vs_empty_trips_depot; 2
vs_feasible; true
vs_full_distance; 5841.5
vs_full_duration; 23366
vs_maximal_waiting_time; 20
vs_minimal_waiting_time; 4
vs_vehicles; 33
