ean_max_load_factor; 3.32
ean_prop_activities; 2978
ean_prop_activities_change; 1782
ean_prop_activities_drive; 440
ean_prop_activities_feas; 1196
ean_prop_activities_headway; 0
ean_prop_activities_objective; 1489
ean_prop_activities_od; 969
ean_prop_activities_od_change; 293
ean_prop_activities_od_drive; 372
ean_prop_activities_od_wait; 304
ean_prop_activities_wait; 376
ean_prop_change_od_max; 95
ean_prop_change_od_min; 25
ean_prop_events; 880
ean_prop_events_arrival; 440
ean_prop_events_departure; 440
ean_prop_headways_dep; true
ean_prop_headways_interstation; false
ean_time_average; 4.29
lc_average_distance; 23750.14
lc_average_edges; 6.89
lc_average_length; 30.64
lc_min_distance; 12807.48
lc_min_edges; 4
lc_min_length; 21.29
lc_time_average; 24.05
lc_var_distance; 104788869.09
lc_var_edges; 6.32
lc_var_length; 75.42
lpool_average_distance; 7789.12
lpool_average_edges; 1.73
lpool_average_length; 11.39
lpool_cost; 6433.33
lpool_feasible_circles; true
lpool_feasible_od; true
lpool_min_distance; 201.32
lpool_min_edges; 1
lpool_min_length; 0.2
lpool_prop_directed_lines; 254
lpool_time_average; 23.65
lpool_var_distance; 28943791.62
lpool_var_edges; 1.42
lpool_var_length; 83.28
od_prop_entries_greater_zero; 675
od_prop_overall_sum; 5581.18
tim_feasible; true
tim_number_of_transfers; 409
tim_obj_ptt1; 129573
tim_obj_slack_average; 17
tim_obj_slack_change_average; 16.06
tim_obj_slack_drive_average; 0
tim_obj_slack_headway_average; 0
tim_obj_slack_wait_average; 0.01
tim_perceived_time_average; 22.38
tim_prop_changes_od_max; 62
tim_prop_changes_od_min; 3
tim_time_average; 21.91
vs_average_waiting_time; 4.95
vs_circulations; 40
vs_cost; 18682.28
vs_empty_cost; 4377.08
vs_empty_distance; 0
vs_empty_distance_with_depot; 0
vs_empty_duration_driving; 0
vs_empty_duration_standing; 905
vs_empty_duration_with_depot; 905
vs_empty_trips; 0
vs_empty_trips_depot; 0
vs_feasible; true
vs_full_distance; 7573.74
vs_full_duration; 7067
vs_maximal_waiting_time; 45
vs_minimal_waiting_time; 0
vs_vehicles; 40
