ean_max_load_factor; 1.22
ean_prop_activities; 2892
ean_prop_activities_change; 2252
ean_prop_activities_drive; 276
ean_prop_activities_feas; 640
ean_prop_activities_headway; 0
ean_prop_activities_objective; 786
ean_prop_activities_od; 638
ean_prop_activities_od_change; 146
ean_prop_activities_od_drive; 272
ean_prop_activities_od_wait; 220
ean_prop_activities_wait; 224
ean_prop_change_od_max; 125
ean_prop_change_od_min; 55
ean_prop_events; 552
ean_prop_events_arrival; 276
ean_prop_events_departure; 276
ean_prop_headways_dep; true
ean_prop_headways_interstation; false
ean_time_average; 7.37
lc_average_distance; 311461.13
lc_average_edges; 4.95
lc_average_length; 8.73
lc_cost; 1319.08
lc_feasible; true
lc_min_distance; 161245.15
lc_min_edges; 3
lc_min_length; 5.4
lc_mip_gap; 0
lc_obj_direct_travellers_sp; 2668
lc_obj_game; 640
lc_prop_directed_lines; 38
lc_prop_freq_max; 3
lc_time_average; 15.49
lc_var_distance; 8802487743.66
lc_var_edges; 3.1
lc_var_length; 8.19
tim_feasible; true
tim_number_of_transfers; 898
tim_obj_ptt1; 83328
tim_obj_slack_average; 22
tim_obj_slack_change_average; 19.56
tim_obj_slack_drive_average; 0
tim_obj_slack_headway_average; 0
tim_obj_slack_wait_average; 0
tim_perceived_time_average; 16.84
tim_prop_changes_od_max; 62
tim_prop_changes_od_min; 3
tim_time_average; 15.44
vs_average_waiting_time; 7.97
vs_circulations; 32
vs_cost; 8609.7
vs_empty_cost; 3728.33
vs_empty_distance; 0
vs_empty_distance_with_depot; 0
vs_empty_duration_driving; 0
vs_empty_duration_standing; 1268
vs_empty_duration_with_depot; 1268
vs_empty_trips; 0
vs_empty_trips_depot; 0
vs_feasible; true
vs_full_distance; 1764.8
vs_full_duration; 5362
vs_maximal_waiting_time; 33
vs_minimal_waiting_time; 0
vs_vehicles; 32
