ean_max_load_factor; 0.95
ean_prop_activities; 3064
ean_prop_activities_change; 2484
ean_prop_activities_drive; 284
ean_prop_activities_feas; 580
ean_prop_activities_headway; 0
ean_prop_activities_objective; 649
ean_prop_activities_od; 561
ean_prop_activities_od_change; 69
ean_prop_activities_od_drive; 275
ean_prop_activities_od_wait; 217
ean_prop_activities_wait; 228
ean_prop_change_od_max; 125
ean_prop_change_od_min; 95
ean_prop_events; 568
ean_prop_events_arrival; 284
ean_prop_events_departure; 284
ean_prop_headways_dep; true
ean_prop_headways_interstation; false
ean_time_average; 6.99
lc_average_distance; 337105.27
lc_average_edges; 5.04
lc_average_length; 9.16
lc_cost; 1419.92
lc_feasible; true
lc_min_distance; 122065.56
lc_min_edges; 3
lc_min_length; 5.56
lc_mip_gap; 0
lc_obj_direct_travellers_sp; 3407
lc_obj_game; 650
lc_prop_directed_lines; 54
lc_prop_freq_max; 2
lc_time_average; 15.41
lc_var_distance; -2147483648
lc_var_edges; 1.29
lc_var_length; 6.95
tim_feasible; true
tim_number_of_transfers; 379
tim_obj_ptt1; 63325
tim_obj_slack_average; 23
tim_obj_slack_change_average; 9.83
tim_obj_slack_drive_average; 0
tim_obj_slack_headway_average; 0
tim_obj_slack_wait_average; 0
tim_perceived_time_average; 14.96
tim_prop_changes_od_max; 62
tim_prop_changes_od_min; 3
tim_time_average; 14.4
vs_average_waiting_time; 8.67
vs_circulations; 35
vs_cost; 9188.81
vs_empty_cost; 4111.05
vs_empty_distance; 3.2
vs_empty_distance_with_depot; 3.2
vs_empty_duration_driving; 25
vs_empty_duration_standing; 1430
vs_empty_duration_with_depot; 1455
vs_empty_trips; 2
vs_empty_trips_depot; 2
vs_feasible; true
vs_full_distance; 1840.45
vs_full_duration; 5561
vs_maximal_waiting_time; 30
vs_minimal_waiting_time; 0
vs_vehicles; 35
