ean_max_load_factor; 1.41
ean_prop_activities; 2288
ean_prop_activities_change; 1684
ean_prop_activities_drive; 248
ean_prop_activities_feas; 604
ean_prop_activities_headway; 0
ean_prop_activities_objective; 779
ean_prop_activities_od; 610
ean_prop_activities_od_change; 175
ean_prop_activities_od_drive; 243
ean_prop_activities_od_wait; 192
ean_prop_activities_wait; 200
ean_prop_change_od_max; 125
ean_prop_change_od_min; 40
ean_prop_events; 496
ean_prop_events_arrival; 248
ean_prop_events_departure; 248
ean_prop_headways_dep; true
ean_prop_headways_interstation; false
ean_time_average; 9.03
lc_average_distance; 338177.45
lc_average_edges; 5
lc_average_length; 9.32
lc_cost; 1217.55
lc_feasible; true
lc_min_distance; 122065.56
lc_min_edges; 3
lc_min_length; 5.4
lc_mip_gap; 0
lc_obj_direct_travellers_sp; 2548
lc_obj_game; 574
lc_prop_directed_lines; 28
lc_prop_freq_max; 4
lc_time_average; 15.45
lc_var_distance; 10607443618.72
lc_var_edges; 2
lc_var_length; 11.14
tim_feasible; true
tim_number_of_transfers; 1189
tim_obj_ptt1; 89935
tim_obj_slack_average; 21
tim_obj_slack_change_average; 20.41
tim_obj_slack_drive_average; 0
tim_obj_slack_headway_average; 0
tim_obj_slack_wait_average; 0
tim_perceived_time_average; 17.88
tim_prop_changes_od_max; 62
tim_prop_changes_od_min; 3
tim_time_average; 16.21
vs_average_waiting_time; 8.54
vs_circulations; 30
vs_cost; 7883.71
vs_empty_cost; 3504.78
vs_empty_distance; 1.8
vs_empty_distance_with_depot; 1.8
vs_empty_duration_driving; 9
vs_empty_duration_standing; 1196
vs_empty_duration_with_depot; 1205
vs_empty_trips; 1
vs_empty_trips_depot; 1
vs_feasible; true
vs_full_distance; 1589.56
vs_full_duration; 4787
vs_maximal_waiting_time; 30
vs_minimal_waiting_time; 0
vs_vehicles; 30
