ean_max_load_factor; 1.44
ean_prop_activities; 2298
ean_prop_activities_change; 1828
ean_prop_activities_drive; 246
ean_prop_activities_feas; 470
ean_prop_activities_headway; 0
ean_prop_activities_objective; 568
ean_prop_activities_od; 539
ean_prop_activities_od_change; 98
ean_prop_activities_od_drive; 244
ean_prop_activities_od_wait; 197
ean_prop_activities_wait; 200
ean_prop_change_od_max; 125
ean_prop_change_od_min; 65
ean_prop_events; 492
ean_prop_events_arrival; 246
ean_prop_events_departure; 246
ean_prop_headways_dep; true
ean_prop_headways_interstation; false
ean_time_average; 7.24
lc_average_distance; 319263.27
lc_average_edges; 5.29
lc_average_length; 9.61
lc_min_distance; 108166.54
lc_min_edges; 2
lc_min_length; 3
lc_time_average; 15.39
lc_var_distance; 7990011690.71
lc_var_edges; 2.78
lc_var_length; 15.12
tim_feasible; true
tim_number_of_transfers; 493
tim_obj_ptt1; 66588
tim_obj_slack_average; 23
tim_obj_slack_change_average; 7.71
tim_obj_slack_drive_average; 0
tim_obj_slack_headway_average; 0
tim_obj_slack_wait_average; 0
tim_perceived_time_average; 15.61
tim_prop_changes_od_max; 60
tim_prop_changes_od_min; 3
tim_time_average; 14.74
vs_average_waiting_time; 11.3
vs_circulations; 33
vs_cost; 8211.73
vs_empty_cost; 4037.77
vs_empty_distance; 57.4
vs_empty_distance_with_depot; 57.4
vs_empty_duration_driving; 378
vs_empty_duration_standing; 1186
vs_empty_duration_with_depot; 1564
vs_empty_trips; 21
vs_empty_trips_depot; 21
vs_feasible; true
vs_full_distance; 1510.7
vs_full_duration; 4579
vs_maximal_waiting_time; 42
vs_minimal_waiting_time; 0
vs_vehicles; 33
