lc_average_distance; 360.09000390445556
lc_average_edges; 5.6923076923076925
lc_average_length; 11.384615384615385
lc_cost; 763.2
lc_feasible; true
lc_min_distance; 100.0
lc_min_edges; 4.0
lc_min_length; 8.0
lc_obj_direct_travellers_sp; 2038
lc_obj_game; 326
lc_prop_directed_lines; 26
lc_prop_freq_max; 2
lc_time_average; 20.465043205027495
lc_var_distance; 18027.496780396876
lc_var_edges; 1.289940828402365
lc_var_length; 5.15976331360946
ro_prop_stations_at_begin_or_end; 19
ro_prop_trips; 100
ro_trips_feasible; true
tim_feasible; true
tim_number_of_transfers; 598
tim_obj_ptt1; 42672
tim_obj_slack_average; 17
tim_obj_slack_change_average; 3.411371
tim_obj_slack_drive_average; 0.000000
tim_obj_slack_headway_average; 0.000000
tim_obj_slack_wait_average; 0.000000
tim_perceived_time_average; 17.406520
tim_prop_changes_od_max; 48
tim_prop_changes_od_min; 0
tim_time_average; 16.418696
vs_average_waiting_time; 12.863636363636363
vs_circulations; 8
vs_cost; 2504468.75
vs_empty_distance; 26.0
vs_empty_distance_with_depot; 382.0
vs_empty_duration; 186.0
vs_empty_duration_with_depot; 1254.0
vs_empty_trips; 13
vs_empty_trips_depot; 57
vs_feasible; true
vs_full_distance; 1218.0
vs_full_duration; 3711.0
vs_maximal_waiting_time; 48.0
vs_minimal_waiting_time; 0.0
vs_vehicles; 25
