ean_max_load_factor; 0.96
ean_prop_activities; 6970
ean_prop_activities_change; 4802
ean_prop_activities_drive; 1046
ean_prop_activities_feas; 2168
ean_prop_activities_headway; 0
ean_prop_activities_objective; 4556
ean_prop_activities_od; 4397
ean_prop_activities_od_change; 2388
ean_prop_activities_od_drive; 1042
ean_prop_activities_od_wait; 967
ean_prop_activities_wait; 972
ean_prop_change_od_max; 125.0
ean_prop_change_od_min; 65.0
ean_prop_events; 2092
ean_prop_events_arrival; 1046
ean_prop_events_departure; 1046
ean_prop_headways_dep; true
ean_prop_headways_interstation; false
ean_time_average; 6.20630066045693
lc_average_distance; 4948.949954582519
lc_average_edges; 13.575757575757576
lc_average_length; 10.01818181818182
lc_cost; 1894.93
lc_feasible; true
lc_min_distance; 499.9249943741561
lc_min_edges; 5.0
lc_min_length; 1.2
lc_obj_direct_travellers_sp; 783
lc_obj_game; 1033
lc_prop_directed_lines; 66
lc_prop_freq_max; 2
lc_time_average; 18.575917844230357
lc_var_distance; 1.2358646377340712E7
lc_var_edges; 36.54729109274561
lc_var_length; 73.42391184573
lpool_average_distance; 4282.118210013524
lpool_average_edges; 10.320512820512821
lpool_average_length; 6.743589743589744
lpool_cost; 3966.55
lpool_feasible_circles; true
lpool_feasible_od; true
lpool_min_distance; 499.001002003002
lpool_min_edges; 1.0
lpool_min_length; 0.5
lpool_prop_directed_lines; 156
lpool_time_average; 18.575917844230133
lpool_var_distance; 8345039.225214161
lpool_var_edges; 26.576758711374083
lpool_var_length; 36.93066403681792
od_prop_entries_greater_zero; 25760
od_prop_overall_sum; 2766.120002371893
tim_feasible; true
tim_number_of_transfers; 826
tim_obj_ptt1; 74154
tim_obj_slack_average; 20
tim_obj_slack_change_average; 22.147335
tim_obj_slack_drive_average; 0.000000
tim_obj_slack_headway_average; 0.000000
tim_obj_slack_wait_average; 0.000000
tim_perceived_time_average; 14.893855
tim_prop_changes_od_max; 62
tim_prop_changes_od_min; 3
tim_time_average; 13.441341
vs_average_waiting_time; 22.458823529411763
vs_circulations; 74
vs_cost; 14197.683333333332
vs_empty_distance; 0.0
vs_empty_distance_with_depot; 0.0
vs_empty_duration; 0.0
vs_empty_duration_with_depot; 0.0
vs_empty_trips; 0
vs_empty_trips_depot; 0
vs_feasible; true
vs_full_distance; 2165.399999999999
vs_full_duration; 8519.0
vs_maximal_waiting_time; 58.0
vs_minimal_waiting_time; 1.0
vs_vehicles; 74
