ean_max_load_factor; 0.96
ean_prop_activities; 14370
ean_prop_activities_change; 10576
ean_prop_activities_drive; 1564
ean_prop_activities_feas; 3794
ean_prop_activities_headway; 0
ean_prop_activities_objective; 7449
ean_prop_activities_od; 6649
ean_prop_activities_od_change; 3655
ean_prop_activities_od_drive; 1558
ean_prop_activities_od_wait; 1436
ean_prop_activities_wait; 1448
ean_prop_change_od_max; 65.0
ean_prop_change_od_min; 65.0
ean_prop_events; 3128
ean_prop_events_arrival; 1564
ean_prop_events_departure; 1564
ean_prop_headways_dep; true
ean_prop_headways_interstation; false
ean_time_average; 5.050595636341384
lc_average_distance; 4670.121453518178
lc_average_edges; 13.482758620689655
lc_average_length; 10.406896551724136
lc_cost; 2969.28
lc_feasible; true
lc_min_distance; 499.9249943741561
lc_min_edges; 3.0
lc_min_length; 1.2
lc_obj_direct_travellers_sp; 766
lc_obj_game; 2348
lc_prop_directed_lines; 58
lc_prop_freq_max; 2
lc_time_average; 18.575917844230357
lc_var_distance; 1.3300622954216845E7
lc_var_edges; 40.93935790725328
lc_var_length; 82.34684898929848
lpool_average_distance; 4282.118210013524
lpool_average_edges; 10.320512820512821
lpool_average_length; 6.743589743589744
lpool_cost; 3966.55
lpool_feasible_circles; true
lpool_feasible_od; true
lpool_min_distance; 499.001002003002
lpool_min_edges; 1.0
lpool_min_length; 0.5
lpool_prop_directed_lines; 156
lpool_time_average; 18.575917844230133
lpool_var_distance; 8345039.225214161
lpool_var_edges; 26.576758711374083
lpool_var_length; 36.93066403681792
od_prop_entries_greater_zero; 25760
od_prop_overall_sum; 2766.120002371893
tim_feasible; true
tim_number_of_transfers; 777
tim_obj_ptt1; 74027
tim_obj_slack_average; 21
tim_obj_slack_change_average; 22.614457
tim_obj_slack_drive_average; 0.000000
tim_obj_slack_headway_average; 0.000000
tim_obj_slack_wait_average; 0.000000
tim_perceived_time_average; 20.836433
tim_prop_changes_od_max; 62
tim_prop_changes_od_min; 3
tim_time_average; 17.957988
vs_average_waiting_time; 12.067251461988304
vs_circulations; 102
vs_cost; 83833.48333333337
vs_empty_cost; 19927.01666666667
vs_empty_distance; 521.9000000000009
vs_empty_distance_with_depot; 521.9000000000009
vs_empty_duration; 0.0
vs_empty_duration_driving; 4958.0
vs_empty_duration_standing; 16508.0
vs_empty_duration_with_depot; 21466.0
vs_empty_trips; 538
vs_empty_trips_depot; 538
vs_feasible; true
vs_full_distance; 20285.700000000023
vs_full_duration; 80347.0
vs_maximal_waiting_time; 29.0
vs_minimal_waiting_time; 0.0
vs_vehicles; 102
