ean_max_load_factor; 1.25
ean_prop_activities; 40878
ean_prop_activities_change; 34136
ean_prop_activities_drive; 2712
ean_prop_activities_feas; 6742
ean_prop_activities_headway; 0
ean_prop_activities_objective; 11178
ean_prop_activities_od; 9513
ean_prop_activities_od_change; 4436
ean_prop_activities_od_drive; 2657
ean_prop_activities_od_wait; 2420
ean_prop_activities_wait; 2480
ean_prop_change_od_max; 65
ean_prop_change_od_min; 35
ean_prop_events; 5424
ean_prop_events_arrival; 2712
ean_prop_events_departure; 2712
ean_prop_headways_dep; true
ean_prop_headways_interstation; false
ean_time_average; 4.29
lc_average_distance; 4354.3
lc_average_edges; 11.62
lc_average_length; 5.99
lc_cost; 5902.79
lc_feasible; true
lc_min_distance; 499.92
lc_min_edges; 5
lc_min_length; 2.3
lc_mip_gap; 0
lc_obj_direct_travellers_sp; 803
lc_obj_game; 14208
lc_prop_directed_lines; 100
lc_prop_freq_max; 4
lc_time_average; 19.19
lc_var_distance; 8670655.54
lc_var_edges; 17.12
lc_var_length; 4.84
tim_feasible; true
tim_number_of_transfers; 618
tim_obj_ptt1; 69409
tim_obj_slack_average; 25
tim_obj_slack_change_average; 18.76
tim_obj_slack_drive_average; 0.01
tim_obj_slack_headway_average; 0
tim_obj_slack_wait_average; 0.04
tim_perceived_time_average; 19.29
tim_prop_changes_od_max; 62
tim_prop_changes_od_min; 3
tim_time_average; 16.56
vs_average_waiting_time; 10.61
vs_circulations; 147
vs_cost; 115311.2
vs_empty_cost; 32340.38
vs_empty_distance; 657.2
vs_empty_distance_with_depot; 657.2
vs_empty_duration_driving; 3441
vs_empty_duration_standing; 36530
vs_empty_duration_with_depot; 39971
vs_empty_trips; 461
vs_empty_trips_depot; 461
vs_feasible; true
vs_full_distance; 24358.6
vs_full_duration; 111439
vs_maximal_waiting_time; 29
vs_minimal_waiting_time; 0
vs_vehicles; 147
