ean_max_load_factor; 3.34
ean_prop_activities; 77240
ean_prop_activities_change; 72244
ean_prop_activities_drive; 1980
ean_prop_activities_feas; 4996
ean_prop_activities_headway; 0
ean_prop_activities_objective; 5330
ean_prop_activities_od; 1980
ean_prop_activities_od_change; 334
ean_prop_activities_od_drive; 984
ean_prop_activities_od_wait; 662
ean_prop_activities_wait; 1566
ean_prop_change_od_max; 47
ean_prop_change_od_min; 25
ean_prop_events; 3960
ean_prop_events_arrival; 1980
ean_prop_events_departure; 1980
ean_prop_headways_dep; true
ean_prop_headways_interstation; false
ean_time_average; 4.23
lc_average_distance; 16206
lc_average_edges; 4.57
lc_average_length; 31.99
lc_min_distance; 1864.47
lc_min_edges; 1
lc_min_length; 2.25
lc_time_average; 23.34
lc_var_distance; 98848930.61
lc_var_edges; 4.49
lc_var_length; 198.99
lpool_average_distance; 7789.12
lpool_average_edges; 1.73
lpool_average_length; 11.39
lpool_cost; 6433.33
lpool_feasible_circles; true
lpool_feasible_od; true
lpool_min_distance; 201.32
lpool_min_edges; 1
lpool_min_length; 0.2
lpool_prop_directed_lines; 254
lpool_time_average; 23.65
lpool_var_distance; 28943791.62
lpool_var_edges; 1.42
lpool_var_length; 83.28
od_prop_entries_greater_zero; 675
od_prop_overall_sum; 5581.18
tim_feasible; true
tim_number_of_transfers; 276
tim_obj_ptt1; 121863
tim_obj_slack_average; 27
tim_obj_slack_change_average; 9.01
tim_obj_slack_drive_average; 0
tim_obj_slack_headway_average; 0
tim_obj_slack_wait_average; 0
tim_perceived_time_average; 21.63
tim_prop_changes_od_max; 62
tim_prop_changes_od_min; 3
tim_time_average; 21.25
vs_average_waiting_time; 6.53
vs_circulations; 314
vs_cost; 122311.19
vs_empty_cost; 34597.58
vs_empty_distance; 103.39
vs_empty_distance_with_depot; 103.39
vs_empty_duration_driving; 228
vs_empty_duration_standing; 7074
vs_empty_duration_with_depot; 7302
vs_empty_trips; 33
vs_empty_trips_depot; 33
vs_feasible; true
vs_full_distance; 43960.18
vs_full_duration; 52256
vs_maximal_waiting_time; 59
vs_minimal_waiting_time; 0
vs_vehicles; 314
