ean_max_load_factor; 3.31
ean_prop_activities; 206094
ean_prop_activities_change; 196916
ean_prop_activities_drive; 3180
ean_prop_activities_feas; 9178
ean_prop_activities_headway; 0
ean_prop_activities_objective; 9625
ean_prop_activities_od; 2105
ean_prop_activities_od_change; 447
ean_prop_activities_od_drive; 1045
ean_prop_activities_od_wait; 613
ean_prop_activities_wait; 2554
ean_prop_change_od_max; 39.62
ean_prop_change_od_min; 14.23
ean_prop_events; 6360
ean_prop_events_arrival; 3180
ean_prop_events_departure; 3180
ean_prop_headways_dep; true
ean_prop_headways_interstation; false
ean_time_average; 4.37
lc_average_distance; 18035.32
lc_average_edges; 5.17
lc_average_length; 35.56
lc_min_distance; 2589.37
lc_min_edges; 3
lc_min_length; 13.07
lc_time_average; 23.35
lc_var_distance; 132413991.94
lc_var_edges; 3.97
lc_var_length; 190.15
lpool_average_distance; 7789.12
lpool_average_edges; 1.73
lpool_average_length; 11.39
lpool_cost; 6433.33
lpool_feasible_circles; true
lpool_feasible_od; true
lpool_min_distance; 201.32
lpool_min_edges; 1
lpool_min_length; 0.2
lpool_prop_directed_lines; 254
lpool_time_average; 23.65
lpool_var_distance; 28943791.62
lpool_var_edges; 1.42
lpool_var_length; 83.28
od_prop_entries_greater_zero; 675
od_prop_overall_sum; 5581.18
tim_feasible; true
tim_number_of_transfers; 636
tim_obj_ptt1; 133680
tim_obj_slack_average; 28
tim_obj_slack_change_average; 17.28
tim_obj_slack_drive_average; 0
tim_obj_slack_headway_average; 0
tim_obj_slack_wait_average; 0
tim_perceived_time_average; 22.4
tim_prop_changes_od_max; 62
tim_prop_changes_od_min; 3
tim_time_average; 21.55
vs_average_waiting_time; 2.42
vs_circulations; 473
vs_cost; 189572.72
vs_empty_cost; 48962.08
vs_empty_distance; 21.39
vs_empty_distance_with_depot; 21.39
vs_empty_duration_driving; 43
vs_empty_duration_standing; 3869
vs_empty_duration_with_depot; 3912
vs_empty_trips; 13
vs_empty_trips_depot; 13
vs_feasible; true
vs_full_distance; 70106.26
vs_full_duration; 85083
vs_maximal_waiting_time; 26
vs_minimal_waiting_time; 0
vs_vehicles; 473
