ean_max_load_factor; 0.89
ean_prop_activities; 1966
ean_prop_activities_change; 1514
ean_prop_activities_drive; 222
ean_prop_activities_feas; 452
ean_prop_activities_headway; 0
ean_prop_activities_objective; 529
ean_prop_activities_od; 471
ean_prop_activities_od_change; 77
ean_prop_activities_od_drive; 217
ean_prop_activities_od_wait; 177
ean_prop_activities_wait; 184
ean_prop_change_od_max; 125.0
ean_prop_change_od_min; 95.0
ean_prop_events; 444
ean_prop_events_arrival; 222
ean_prop_events_departure; 222
ean_prop_headways_dep; true
ean_prop_headways_interstation; false
ean_time_average; 6.639433038236956
lc_average_distance; 427.68746801601554
lc_average_edges; 5.944444444444445
lc_average_length; 11.88888888888889
lc_cost; 966.65
lc_feasible; true
lc_min_distance; 100.0
lc_min_edges; 4.0
lc_min_length; 8.0
lc_obj_direct_travellers_sp; 2375
lc_obj_game; 411
lc_prop_directed_lines; 36
lc_prop_freq_max; 2
lc_time_average; 20.168106834249805
lc_var_distance; 12083.429702049674
lc_var_edges; 1.7191358024691326
lc_var_length; 6.87654320987653
tim_feasible; true
tim_number_of_transfers; 157
tim_obj_ptt1; 42201
tim_obj_slack_average; 21
tim_obj_slack_change_average; 14.254777
tim_obj_slack_drive_average; 0.000000
tim_obj_slack_headway_average; 0.000000
tim_obj_slack_wait_average; 0.000000
tim_perceived_time_average; 16.104085
tim_prop_changes_od_max; 60
tim_prop_changes_od_min; 3
tim_time_average; 15.751767
vs_average_waiting_time; 9.436893203883495
vs_circulations; 10
vs_cost; 7096.5
vs_empty_distance; 0.0
vs_empty_distance_with_depot; 0.0
vs_empty_duration; 0.0
vs_empty_duration_with_depot; 0.0
vs_empty_trips; 0
vs_empty_trips_depot; 0
vs_feasible; true
vs_full_distance; 1526.0
vs_full_duration; 4578.0
vs_maximal_waiting_time; 24.0
vs_minimal_waiting_time; 0.0
vs_vehicles; 29
