ean_max_load_factor; 1.46
ean_prop_activities; 2402
ean_prop_activities_change; 1838
ean_prop_activities_drive; 248
ean_prop_activities_feas; 564
ean_prop_activities_headway; 0
ean_prop_activities_objective; 698
ean_prop_activities_od; 580
ean_prop_activities_od_change; 134
ean_prop_activities_od_drive; 245
ean_prop_activities_od_wait; 201
ean_prop_activities_wait; 208
ean_prop_change_od_max; 125
ean_prop_change_od_min; 45
ean_prop_events; 496
ean_prop_events_arrival; 248
ean_prop_events_departure; 248
ean_prop_headways_dep; true
ean_prop_headways_interstation; false
ean_time_average; 6.67
lc_average_distance; 332787.77
lc_average_edges; 6
lc_average_length; 10.83
lc_min_distance; 190000
lc_min_edges; 4
lc_min_length; 7
lc_time_average; 15.55
lc_var_distance; 5438964287.92
lc_var_edges; 2.8
lc_var_length; 8.76
tim_feasible; true
tim_number_of_transfers; 574
tim_obj_ptt1; 76025
tim_obj_slack_average; 22
tim_obj_slack_change_average; 19.64
tim_obj_slack_drive_average; 0
tim_obj_slack_headway_average; 0
tim_obj_slack_wait_average; 0
tim_perceived_time_average; 16.19
tim_prop_changes_od_max; 61
tim_prop_changes_od_min; 3
tim_time_average; 15.15
vs_average_waiting_time; 9.43
vs_circulations; 29
vs_cost; 7475.47
vs_empty_cost; 3358.37
vs_empty_distance; 12.8
vs_empty_distance_with_depot; 12.8
vs_empty_duration_driving; 45
vs_empty_duration_standing; 1009
vs_empty_duration_with_depot; 1054
vs_empty_trips; 4
vs_empty_trips_depot; 4
vs_feasible; true
vs_full_distance; 1488.9
vs_full_duration; 4521
vs_maximal_waiting_time; 32
vs_minimal_waiting_time; 0
vs_vehicles; 29
