ean_max_load_factor; 0.62
ean_prop_activities; 48166
ean_prop_activities_change; 42798
ean_prop_activities_drive; 2668
ean_prop_activities_feas; 5368
ean_prop_activities_headway; 0
ean_prop_activities_objective; 10245
ean_prop_activities_od; 9976
ean_prop_activities_od_change; 4877
ean_prop_activities_od_drive; 2667
ean_prop_activities_od_wait; 2432
ean_prop_activities_wait; 2434
ean_prop_change_od_max; 125
ean_prop_change_od_min; 65
ean_prop_events; 5336
ean_prop_events_arrival; 2668
ean_prop_events_departure; 2668
ean_prop_headways_dep; true
ean_prop_headways_interstation; false
ean_time_average; 5.01
lc_average_distance; 5494.04
lc_average_edges; 11.46
lc_average_length; 6.61
lc_cost; 5955.43
lc_feasible; true
lc_min_distance; 499.92
lc_min_edges; 6
lc_min_length; 2.3
lc_mip_gap; 0
lc_obj_direct_travellers_sp; 1016
lc_obj_game; 10608
lc_prop_directed_lines; 230
lc_prop_freq_max; 2
lc_time_average; 18.61
lc_var_distance; 3016522.96
lc_var_edges; 8.06
lc_var_length; 8.57
tim_feasible; true
tim_number_of_transfers; 179
tim_obj_ptt1; 56575
tim_obj_slack_average; 26
tim_obj_slack_change_average; 23.43
tim_obj_slack_drive_average; 0
tim_obj_slack_headway_average; 0
tim_obj_slack_wait_average; 0
tim_perceived_time_average; 16.69
tim_prop_changes_od_max; 62
tim_prop_changes_od_min; 3
tim_time_average; 15.17
vs_average_waiting_time; 9.14
vs_circulations; 135
vs_cost; 113841.58
vs_empty_cost; 29187.82
vs_empty_distance; 424.1
vs_empty_distance_with_depot; 424.1
vs_empty_duration_driving; 2904
vs_empty_duration_standing; 33220
vs_empty_duration_with_depot; 36124
vs_empty_trips; 369
vs_empty_trips_depot; 369
vs_feasible; true
vs_full_distance; 27311.4
vs_full_duration; 104848
vs_maximal_waiting_time; 45
vs_minimal_waiting_time; 0
vs_vehicles; 135
