ean_max_load_factor; 0.51
ean_prop_activities; 30424
ean_prop_activities_change; 28174
ean_prop_activities_drive; 944
ean_prop_activities_feas; 2250
ean_prop_activities_headway; 0
ean_prop_activities_objective; 2284
ean_prop_activities_od; 1296
ean_prop_activities_od_change; 34
ean_prop_activities_od_drive; 727
ean_prop_activities_od_wait; 535
ean_prop_activities_wait; 740
ean_prop_change_od_max; 65
ean_prop_change_od_min; 22.14
ean_prop_events; 1888
ean_prop_events_arrival; 944
ean_prop_events_departure; 944
ean_prop_headways_dep; true
ean_prop_headways_interstation; false
ean_time_average; 4.99
lc_average_distance; 313517.55
lc_average_edges; 4.48
lc_average_length; 8.81
lc_cost; 5168.95
lc_feasible; true
lc_min_distance; 113137.08
lc_min_edges; 2
lc_min_length; 2.4
lc_mip_gap; 0
lc_obj_direct_travellers_sp; 3526
lc_obj_game; 7196
lc_prop_directed_lines; 130
lc_prop_freq_max; 7
lc_time_average; 15.39
lc_var_distance; -2147483648
lc_var_edges; 1.51
lc_var_length; 8.81
tim_feasible; true
tim_number_of_transfers; 167
tim_obj_ptt1; 61465
tim_obj_slack_average; 27
tim_obj_slack_change_average; 16.1
tim_obj_slack_drive_average; 0
tim_obj_slack_headway_average; 0
tim_obj_slack_wait_average; 0
tim_perceived_time_average; 14.46
tim_prop_changes_od_max; 56
tim_prop_changes_od_min; 3
tim_time_average; 14.16
vs_average_waiting_time; 8.3
vs_circulations; 121
vs_cost; 33395.69
vs_empty_cost; 14418.9
vs_empty_distance; 12.6
vs_empty_distance_with_depot; 12.6
vs_empty_duration_driving; 102
vs_empty_duration_standing; 5418
vs_empty_duration_with_depot; 5520
vs_empty_trips; 5
vs_empty_trips_depot; 5
vs_feasible; true
vs_full_distance; 6887.86
vs_full_duration; 20748
vs_maximal_waiting_time; 36
vs_minimal_waiting_time; 0
vs_vehicles; 121
