ean_max_load_factor; 3.31
ean_prop_activities; 70100
ean_prop_activities_change; 64604
ean_prop_activities_drive; 2062
ean_prop_activities_feas; 5496
ean_prop_activities_headway; 0
ean_prop_activities_objective; 5887
ean_prop_activities_od; 2174
ean_prop_activities_od_change; 391
ean_prop_activities_od_drive; 1036
ean_prop_activities_od_wait; 747
ean_prop_activities_wait; 1722
ean_prop_change_od_max; 45
ean_prop_change_od_min; 14.23
ean_prop_events; 4124
ean_prop_events_arrival; 2062
ean_prop_events_departure; 2062
ean_prop_headways_dep; true
ean_prop_headways_interstation; false
ean_time_average; 4.14
lc_average_distance; 17708.03
lc_average_edges; 5.65
lc_average_length; 32.03
lc_min_distance; 1309.5
lc_min_edges; 1
lc_min_length; 1.55
lc_time_average; 23.43
lc_var_distance; 88605346.06
lc_var_edges; 5.65
lc_var_length; 136.8
lpool_average_distance; 7789.12
lpool_average_edges; 1.73
lpool_average_length; 11.39
lpool_cost; 6433.33
lpool_feasible_circles; true
lpool_feasible_od; true
lpool_min_distance; 201.32
lpool_min_edges; 1
lpool_min_length; 0.2
lpool_prop_directed_lines; 254
lpool_time_average; 23.65
lpool_var_distance; 28943791.62
lpool_var_edges; 1.42
lpool_var_length; 83.28
od_prop_entries_greater_zero; 675
od_prop_overall_sum; 5581.18
tim_feasible; true
tim_number_of_transfers; 298
tim_obj_ptt1; 124392
tim_obj_slack_average; 27
tim_obj_slack_change_average; 13.52
tim_obj_slack_drive_average; 0
tim_obj_slack_headway_average; 0
tim_obj_slack_wait_average; 0
tim_perceived_time_average; 21.71
tim_prop_changes_od_max; 62
tim_prop_changes_od_min; 3
tim_time_average; 21.33
vs_average_waiting_time; 3.75
vs_circulations; 230
vs_cost; 93643.5
vs_empty_cost; 24559.36
vs_empty_distance; 33.74
vs_empty_distance_with_depot; 33.74
vs_empty_duration_driving; 137
vs_empty_duration_standing; 3484
vs_empty_duration_with_depot; 3621
vs_empty_trips; 19
vs_empty_trips_depot; 19
vs_feasible; true
vs_full_distance; 34488.04
vs_full_duration; 41645
vs_maximal_waiting_time; 33
vs_minimal_waiting_time; 0
vs_vehicles; 230
