ean_max_load_factor; 1.66
ean_prop_activities; 1202
ean_prop_activities_change; 886
ean_prop_activities_drive; 164
ean_prop_activities_feas; 316
ean_prop_activities_headway; 0
ean_prop_activities_objective; 496
ean_prop_activities_od; 472
ean_prop_activities_od_change; 180
ean_prop_activities_od_drive; 163
ean_prop_activities_od_wait; 129
ean_prop_activities_wait; 132
ean_prop_change_od_max; 125.0
ean_prop_change_od_min; 65.0
ean_prop_events; 328
ean_prop_events_arrival; 164
ean_prop_events_departure; 164
ean_prop_headways_dep; true
ean_prop_headways_interstation; false
ean_time_average; 11.757113640405478
lc_average_distance; 360.7239245901477
lc_average_edges; 5.142857142857143
lc_average_length; 10.285714285714286
lc_cost; 812.3
lc_feasible; true
lc_min_distance; 223.60679774997897
lc_min_edges; 4.0
lc_min_length; 8.0
lc_obj_direct_travellers_sp; 1718
lc_obj_game; 236
lc_prop_directed_lines; 28
lc_prop_freq_max; 2
lc_time_average; 20.309505106048704
lc_var_distance; 7021.107371138569
lc_var_edges; 0.40816326530611846
lc_var_length; 1.6326530612244738
tim_feasible; true
tim_number_of_transfers; 761
tim_obj_ptt1; 53766
tim_obj_slack_average; 20
tim_obj_slack_change_average; 13.001314
tim_obj_slack_drive_average; 0.012181
tim_obj_slack_headway_average; 0.000000
tim_obj_slack_wait_average; 0.035943
tim_perceived_time_average; 19.276905
tim_prop_changes_od_max; 60
tim_prop_changes_od_min; 3
tim_time_average; 17.620189
vs_average_waiting_time; 15.606741573033707
vs_circulations; 8
vs_cost; 5859.833333333334
vs_empty_distance; 0.0
vs_empty_distance_with_depot; 0.0
vs_empty_duration; 0.0
vs_empty_duration_with_depot; 0.0
vs_empty_trips; 0
vs_empty_trips_depot; 0
vs_feasible; true
vs_full_distance; 1176.0
vs_full_duration; 3590.0
vs_maximal_waiting_time; 51.0
vs_minimal_waiting_time; 0.0
vs_vehicles; 26
