ean_max_load_factor; 0.43
ean_prop_activities; 42906
ean_prop_activities_change; 39986
ean_prop_activities_drive; 1154
ean_prop_activities_feas; 2920
ean_prop_activities_headway; 0
ean_prop_activities_objective; 3055
ean_prop_activities_od; 1460
ean_prop_activities_od_change; 135
ean_prop_activities_od_drive; 770
ean_prop_activities_od_wait; 555
ean_prop_activities_wait; 918
ean_prop_change_od_max; 40
ean_prop_change_od_min; 20
ean_prop_events; 2308
ean_prop_events_arrival; 1154
ean_prop_events_departure; 1154
ean_prop_headways_dep; true
ean_prop_headways_interstation; false
ean_time_average; 5.27
lc_average_distance; 248108.33
lc_average_edges; 4.25
lc_average_length; 7.26
lc_cost; 5977.96
lc_feasible; true
lc_min_distance; 60000
lc_min_edges; 1
lc_min_length; 1.2
lc_mip_gap; 0
lc_obj_direct_travellers_sp; 2821
lc_obj_game; 12567
lc_prop_directed_lines; 72
lc_prop_freq_max; 8
lc_time_average; 15.49
lc_var_distance; 12689478286.81
lc_var_edges; 2.97
lc_var_length; 10.99
tim_feasible; true
tim_number_of_transfers; 661
tim_obj_ptt1; 71662
tim_obj_slack_average; 27
tim_obj_slack_change_average; 12.96
tim_obj_slack_drive_average; 0
tim_obj_slack_headway_average; 0
tim_obj_slack_wait_average; 0
tim_perceived_time_average; 15.88
tim_prop_changes_od_max; 62
tim_prop_changes_od_min; 3
tim_time_average; 14.8
vs_average_waiting_time; 7.03
vs_circulations; 135
vs_cost; 35078.06
vs_empty_cost; 15654.17
vs_empty_distance; 15
vs_empty_distance_with_depot; 15
vs_empty_duration_driving; 84
vs_empty_duration_standing; 5032
vs_empty_duration_with_depot; 5116
vs_empty_trips; 9
vs_empty_trips_depot; 9
vs_feasible; true
vs_full_distance; 7007.32
vs_full_duration; 21391
vs_maximal_waiting_time; 54
vs_minimal_waiting_time; 0
vs_vehicles; 135
