ean_max_load_factor; 0.17
ean_prop_activities; 188482
ean_prop_activities_change; 182030
ean_prop_activities_drive; 2492
ean_prop_activities_feas; 6452
ean_prop_activities_headway; 0
ean_prop_activities_objective; 6466
ean_prop_activities_od; 1832
ean_prop_activities_od_change; 14
ean_prop_activities_od_drive; 1063
ean_prop_activities_od_wait; 755
ean_prop_activities_wait; 2054
ean_prop_change_od_max; 14.23
ean_prop_change_od_min; 14.23
ean_prop_events; 4984
ean_prop_events_arrival; 2492
ean_prop_events_departure; 2492
ean_prop_headways_dep; true
ean_prop_headways_interstation; false
ean_time_average; 4.59
lc_average_distance; 322103.07
lc_average_edges; 4.88
lc_average_length; 9.42
lc_min_distance; 60000
lc_min_edges; 1
lc_min_length; 1.2
lc_time_average; 15.39
lc_var_distance; 10504612542.13
lc_var_edges; 2.37
lc_var_length; 13.72
tim_feasible; true
tim_number_of_transfers; 41
tim_obj_ptt1; 57762
tim_obj_slack_average; 28
tim_obj_slack_change_average; 2.7
tim_obj_slack_drive_average; 0
tim_obj_slack_headway_average; 0
tim_obj_slack_wait_average; 0
tim_perceived_time_average; 14.17
tim_prop_changes_od_max; 39
tim_prop_changes_od_min; 3
tim_time_average; 14.03
vs_average_waiting_time; 5.56
vs_circulations; 287
vs_cost; 78019.67
vs_empty_cost; 31800.3
vs_empty_distance; 40.2
vs_empty_distance_with_depot; 40.2
vs_empty_duration_driving; 222
vs_empty_duration_standing; 7074
vs_empty_duration_with_depot; 7296
vs_empty_trips; 25
vs_empty_trips_depot; 25
vs_feasible; true
vs_full_distance; 16739.58
vs_full_duration; 50664
vs_maximal_waiting_time; 36
vs_minimal_waiting_time; 0
vs_vehicles; 287
