ean_max_load_factor; 0.29
ean_prop_activities; 37398
ean_prop_activities_change; 35134
ean_prop_activities_drive; 1044
ean_prop_activities_feas; 2264
ean_prop_activities_headway; 0
ean_prop_activities_objective; 2276
ean_prop_activities_od; 1357
ean_prop_activities_od_change; 12
ean_prop_activities_od_drive; 782
ean_prop_activities_od_wait; 563
ean_prop_activities_wait; 808
ean_prop_change_od_max; 42.5
ean_prop_change_od_min; 32.5
ean_prop_events; 2088
ean_prop_events_arrival; 1044
ean_prop_events_departure; 1044
ean_prop_headways_dep; true
ean_prop_headways_interstation; false
ean_time_average; 4.69
lc_average_distance; 303547.5
lc_average_edges; 4.33
lc_average_length; 8.17
lc_cost; 5973.64
lc_feasible; true
lc_min_distance; 80000
lc_min_edges; 1
lc_min_length; 1.6
lc_mip_gap; 0
lc_obj_direct_travellers_sp; 3654
lc_obj_game; 8684
lc_prop_directed_lines; 146
lc_prop_freq_max; 8
lc_time_average; 15.39
lc_var_distance; 9872610877.48
lc_var_edges; 1.7
lc_var_length; 9.09
tim_feasible; true
tim_number_of_transfers; 43
tim_obj_ptt1; 57963
tim_obj_slack_average; 28
tim_obj_slack_change_average; 4.15
tim_obj_slack_drive_average; 0
tim_obj_slack_headway_average; 0
tim_obj_slack_wait_average; 0
tim_perceived_time_average; 14.16
tim_prop_changes_od_max; 56
tim_prop_changes_od_min; 3
tim_time_average; 14.03
vs_average_waiting_time; 16.56
vs_circulations; 170
vs_cost; 42464.73
vs_empty_cost; 22143.19
vs_empty_distance; 7.96
vs_empty_distance_with_depot; 7.96
vs_empty_duration_driving; 28
vs_empty_duration_standing; 12287
vs_empty_duration_with_depot; 12315
vs_empty_trips; 4
vs_empty_trips_depot; 4
vs_feasible; true
vs_full_distance; 7353.53
vs_full_duration; 22299
vs_maximal_waiting_time; 59
vs_minimal_waiting_time; 0
vs_vehicles; 170
