ean_max_load_factor; 0.38
ean_prop_activities; 36626
ean_prop_activities_change; 34040
ean_prop_activities_drive; 1032
ean_prop_activities_feas; 2586
ean_prop_activities_headway; 0
ean_prop_activities_objective; 2609
ean_prop_activities_od; 1361
ean_prop_activities_od_change; 23
ean_prop_activities_od_drive; 775
ean_prop_activities_od_wait; 563
ean_prop_activities_wait; 804
ean_prop_change_od_max; 65
ean_prop_change_od_min; 50
ean_prop_events; 2064
ean_prop_events_arrival; 1032
ean_prop_events_departure; 1032
ean_prop_headways_dep; true
ean_prop_headways_interstation; false
ean_time_average; 4.95
lc_average_distance; 318266.51
lc_average_edges; 4.55
lc_average_length; 8.57
lc_cost; 5774.35
lc_feasible; true
lc_min_distance; 120415.95
lc_min_edges; 2
lc_min_length; 3.4
lc_mip_gap; 0
lc_obj_direct_travellers_sp; 3654
lc_obj_game; 8256
lc_prop_directed_lines; 112
lc_prop_freq_max; 4
lc_time_average; 15.39
lc_var_distance; 9431428782.86
lc_var_edges; 1.32
lc_var_length; 8.46
tim_feasible; true
tim_number_of_transfers; 89
tim_obj_ptt1; 58799
tim_obj_slack_average; 27
tim_obj_slack_change_average; 5.68
tim_obj_slack_drive_average; 0.01
tim_obj_slack_headway_average; 0
tim_obj_slack_wait_average; 0.03
tim_perceived_time_average; 14.28
tim_prop_changes_od_max; 61
tim_prop_changes_od_min; 3
tim_time_average; 14.09
vs_average_waiting_time; 5.19
vs_circulations; 127
vs_cost; 34356.77
vs_empty_cost; 14446.56
vs_empty_distance; 94.93
vs_empty_distance_with_depot; 94.93
vs_empty_duration_driving; 411
vs_empty_duration_standing; 3439
vs_empty_duration_with_depot; 3850
vs_empty_trips; 42
vs_empty_trips_depot; 42
vs_feasible; true
vs_full_distance; 7009.86
vs_full_duration; 22549
vs_maximal_waiting_time; 27
vs_minimal_waiting_time; 0
vs_vehicles; 127
