ean_max_load_factor; 0.99
ean_prop_activities; 4384
ean_prop_activities_change; 2944
ean_prop_activities_drive; 700
ean_prop_activities_feas; 1440
ean_prop_activities_headway; 0
ean_prop_activities_objective; 2789
ean_prop_activities_od; 2701
ean_prop_activities_od_change; 1349
ean_prop_activities_od_drive; 700
ean_prop_activities_od_wait; 652
ean_prop_activities_wait; 652
ean_prop_change_od_max; 125
ean_prop_change_od_min; 95
ean_prop_events; 1400
ean_prop_events_arrival; 700
ean_prop_events_departure; 700
ean_prop_headways_dep; true
ean_prop_headways_interstation; false
ean_time_average; 6.32
lc_average_distance; 6858.26
lc_average_edges; 14.35
lc_average_length; 7.17
lc_cost; 1226.25
lc_feasible; true
lc_min_distance; 3640.05
lc_min_edges; 9
lc_min_length; 4.5
lc_mip_gap; 0.02
lc_obj_direct_travellers_sp; 810
lc_obj_game; 882
lc_prop_directed_lines; 46
lc_prop_freq_max; 2
lc_time_average; 22.15
lc_var_distance; 5816031.04
lc_var_edges; 18.4
lc_var_length; 4.6
tim_feasible; true
tim_number_of_transfers; 937
tim_obj_ptt1; 74945
tim_obj_slack_average; 20
tim_obj_slack_change_average; 19.52
tim_obj_slack_drive_average; 0
tim_obj_slack_headway_average; 0
tim_obj_slack_wait_average; 0
tim_perceived_time_average; 21.47
tim_prop_changes_od_max; 62
tim_prop_changes_od_min; 3
tim_time_average; 18.8
vs_average_waiting_time; 11.93
vs_circulations; 33
vs_cost; 26648.92
vs_empty_cost; 7308.5
vs_empty_distance; 4
vs_empty_distance_with_depot; 4
vs_empty_duration_driving; 16
vs_empty_duration_standing; 9590
vs_empty_duration_with_depot; 9606
vs_empty_trips; 2
vs_empty_trips_depot; 2
vs_feasible; true
vs_full_distance; 6107.5
vs_full_duration; 24430
vs_maximal_waiting_time; 20
vs_minimal_waiting_time; 4
vs_vehicles; 33
