ean_max_load_factor; 0.99
ean_prop_activities; 4098
ean_prop_activities_change; 2664
ean_prop_activities_drive; 670
ean_prop_activities_feas; 1434
ean_prop_activities_headway; 0
ean_prop_activities_objective; 2482
ean_prop_activities_od; 2339
ean_prop_activities_od_change; 1048
ean_prop_activities_od_drive; 670
ean_prop_activities_od_wait; 621
ean_prop_activities_wait; 622
ean_prop_change_od_max; 125
ean_prop_change_od_min; 65
ean_prop_events; 1340
ean_prop_events_arrival; 670
ean_prop_events_departure; 670
ean_prop_headways_dep; true
ean_prop_headways_interstation; false
ean_time_average; 5.59
lc_average_distance; 6198.2
lc_average_edges; 13.2
lc_average_length; 6.6
lc_cost; 1225.12
lc_feasible; true
lc_min_distance; 2175
lc_min_edges; 6
lc_min_length; 3
lc_mip_gap; 0
lc_obj_direct_travellers_sp; 758
lc_obj_game; 823
lc_prop_directed_lines; 40
lc_prop_freq_max; 2
lc_time_average; 22.15
lc_var_distance; 7081779.17
lc_var_edges; 22.26
lc_var_length; 5.57
tim_feasible; true
tim_number_of_transfers; 1123
tim_obj_ptt1; 81504
tim_obj_slack_average; 19
tim_obj_slack_change_average; 22.51
tim_obj_slack_drive_average; 0
tim_obj_slack_headway_average; 0
tim_obj_slack_wait_average; 0
tim_perceived_time_average; 23.48
tim_prop_changes_od_max; 62
tim_prop_changes_od_min; 3
tim_time_average; 20.67
vs_average_waiting_time; 17.39
vs_circulations; 36
vs_cost; 28717.68
vs_empty_cost; 10107.18
vs_empty_distance; 533.4
vs_empty_distance_with_depot; 533.4
vs_empty_duration_driving; 4761
vs_empty_duration_standing; 8936
vs_empty_duration_with_depot; 13697
vs_empty_trips; 296
vs_empty_trips_depot; 296
vs_feasible; true
vs_full_distance; 5877
vs_full_duration; 23508
vs_maximal_waiting_time; 42
vs_minimal_waiting_time; 0
vs_vehicles; 36
