ean_max_load_factor; 0.47
ean_prop_activities; 76928
ean_prop_activities_change; 63648
ean_prop_activities_drive; 4640
ean_prop_activities_feas; 13280
ean_prop_activities_headway; 0
ean_prop_activities_objective; 22517
ean_prop_activities_od; 17173
ean_prop_activities_od_change; 9237
ean_prop_activities_od_drive; 4091
ean_prop_activities_od_wait; 3845
ean_prop_activities_wait; 4408
ean_prop_change_od_max; 50
ean_prop_change_od_min; 16.07
ean_prop_events; 9280
ean_prop_events_arrival; 4640
ean_prop_events_departure; 4640
ean_prop_headways_dep; true
ean_prop_headways_interstation; false
ean_time_average; 3.21
lc_average_distance; 9999.8
lc_average_edges; 20
lc_average_length; 10
lc_cost; 5974
lc_feasible; true
lc_min_distance; 9998.95
lc_min_edges; 20
lc_min_length; 10
lc_mip_gap; 0
lc_obj_direct_travellers_sp; 774
lc_obj_game; 81600
lc_prop_directed_lines; 32
lc_prop_freq_max; 56
lc_time_average; 22.15
lc_var_distance; 0.95
lc_var_edges; 0
lc_var_length; 0
tim_feasible; true
tim_number_of_transfers; 451
tim_obj_ptt1; 87021
tim_obj_slack_average; 24
tim_obj_slack_change_average; 26.62
tim_obj_slack_drive_average; 0.04
tim_obj_slack_headway_average; 0
tim_obj_slack_wait_average; 0.13
tim_perceived_time_average; 20.86
tim_prop_changes_od_max; 62
tim_prop_changes_od_min; 3
tim_time_average; 17.99
vs_average_waiting_time; 3.49
vs_circulations; 209
vs_cost; 169605.08
vs_empty_cost; 26389.25
vs_empty_distance; 2
vs_empty_distance_with_depot; 2
vs_empty_duration_driving; 5
vs_empty_duration_standing; 13162
vs_empty_duration_with_depot; 13167
vs_empty_trips; 1
vs_empty_trips_depot; 1
vs_feasible; true
vs_full_distance; 39840
vs_full_duration; 200294
vs_maximal_waiting_time; 15
vs_minimal_waiting_time; 0
vs_vehicles; 209
