ean_max_load_factor; 1.43
ean_prop_activities; 2756
ean_prop_activities_change; 2166
ean_prop_activities_drive; 264
ean_prop_activities_feas; 590
ean_prop_activities_headway; 0
ean_prop_activities_objective; 712
ean_prop_activities_od; 605
ean_prop_activities_od_change; 122
ean_prop_activities_od_drive; 264
ean_prop_activities_od_wait; 219
ean_prop_activities_wait; 220
ean_prop_change_od_max; 125
ean_prop_change_od_min; 55
ean_prop_events; 528
ean_prop_events_arrival; 264
ean_prop_events_departure; 264
ean_prop_headways_dep; true
ean_prop_headways_interstation; false
ean_time_average; 7.22
lc_average_distance; 352916.58
lc_average_edges; 5.61
lc_average_length; 10.02
lc_cost; 1118.35
lc_feasible; true
lc_min_distance; 161245.15
lc_min_edges; 4
lc_min_length; 5.8
lc_mip_gap; 0
lc_obj_direct_travellers_sp; 3058
lc_obj_game; 578
lc_prop_directed_lines; 36
lc_prop_freq_max; 3
lc_time_average; 15.45
lc_var_distance; 6960999691.21
lc_var_edges; 1.79
lc_var_length; 7.46
tim_feasible; true
tim_number_of_transfers; 589
tim_obj_ptt1; 71803
tim_obj_slack_average; 23
tim_obj_slack_change_average; 14.2
tim_obj_slack_drive_average; 0
tim_obj_slack_headway_average; 0
tim_obj_slack_wait_average; 0
tim_perceived_time_average; 15.98
tim_prop_changes_od_max; 61
tim_prop_changes_od_min; 3
tim_time_average; 14.98
vs_average_waiting_time; 8.35
vs_circulations; 31
vs_cost; 8058.19
vs_empty_cost; 3569.86
vs_empty_distance; 18.52
vs_empty_distance_with_depot; 18.52
vs_empty_duration_driving; 92
vs_empty_duration_standing; 969
vs_empty_duration_with_depot; 1061
vs_empty_trips; 7
vs_empty_trips_depot; 7
vs_feasible; true
vs_full_distance; 1625.83
vs_full_duration; 4919
vs_maximal_waiting_time; 37
vs_minimal_waiting_time; 0
vs_vehicles; 31
