ean_max_load_factor; 1.41
ean_prop_activities; 10888
ean_prop_activities_change; 7264
ean_prop_activities_drive; 1512
ean_prop_activities_feas; 3624
ean_prop_activities_headway; 0
ean_prop_activities_objective; 5421
ean_prop_activities_od; 4647
ean_prop_activities_od_change; 1797
ean_prop_activities_od_drive; 1506
ean_prop_activities_od_wait; 1344
ean_prop_activities_wait; 1356
ean_prop_change_od_max; 65
ean_prop_change_od_min; 65
ean_prop_events; 3024
ean_prop_events_arrival; 1512
ean_prop_events_departure; 1512
ean_prop_headways_dep; true
ean_prop_headways_interstation; false
ean_time_average; 4.99
lc_average_distance; 3241.82
lc_average_edges; 9.69
lc_average_length; 5.07
lc_cost; 3957.57
lc_feasible; true
lc_min_distance; 499.92
lc_min_edges; 5
lc_min_length; 2.3
lc_mip_gap; 0
lc_obj_direct_travellers_sp; 692
lc_obj_game; 3776
lc_prop_directed_lines; 78
lc_prop_freq_max; 2
lc_time_average; 19.19
lc_var_distance; 3163127.2
lc_var_edges; 4.42
lc_var_length; 2.23
tim_feasible; true
tim_number_of_transfers; 1178
tim_obj_ptt1; 69492
tim_obj_slack_average; 19
tim_obj_slack_change_average; 14.91
tim_obj_slack_drive_average; 0
tim_obj_slack_headway_average; 0
tim_obj_slack_wait_average; 0.02
tim_perceived_time_average; 20.12
tim_prop_changes_od_max; 62
tim_prop_changes_od_min; 3
tim_time_average; 16.94
vs_average_waiting_time; 10.07
vs_circulations; 86
vs_cost; 67018.42
vs_empty_cost; 19944.25
vs_empty_distance; 139.5
vs_empty_distance_with_depot; 139.5
vs_empty_duration_driving; 638
vs_empty_duration_standing; 26086
vs_empty_duration_with_depot; 26724
vs_empty_trips; 69
vs_empty_trips_depot; 69
vs_feasible; true
vs_full_distance; 13914
vs_full_duration; 62884
vs_maximal_waiting_time; 29
vs_minimal_waiting_time; 0
vs_vehicles; 86
