lc_average_distance; 274.73339169327545
lc_average_edges; 5.0
lc_average_length; 10.615384615384615
lc_cost; 660.35
lc_feasible; true
lc_min_distance; 100.0
lc_min_edges; 5.0
lc_min_length; 10.0
lc_obj_direct_travellers_sp; 1715
lc_obj_game; 147
lc_prop_directed_lines; 26
lc_prop_freq_max; 1
lc_time_average; 20.47211311861744
lc_var_distance; 8367.717334863133
lc_var_edges; 0.0
lc_var_length; 4.544378698224861
tim_feasible; true
tim_number_of_transfers; 734
tim_obj_ptt1; 57321
tim_obj_ptt1_perceived; 60985
tim_obj_slack_average; 19
tim_obj_slack_change_average; 18.461853
tim_obj_slack_drive_average; 0.000000
tim_obj_slack_headway_average; 0.000000
tim_obj_slack_wait_average; 0.000000
tim_perceived_time_average; 20.611940
tim_pesp_gap; 0.1
tim_prop_changes_od_max; 60
tim_prop_changes_od_min; 3
tim_time_average; 18.889631
vs_average_waiting_time; 0.0
vs_circulations; 1
vs_cost; 1302557.5
vs_empty_distance; 0.0
vs_empty_distance_with_depot; 0.0
vs_empty_duration; 0.0
vs_empty_duration_with_depot; 0.0
vs_empty_trips; 0
vs_empty_trips_depot; 0
vs_feasible; true
vs_full_distance; 930.0
vs_full_duration; 2790.0
vs_maximal_waiting_time; 0.0
vs_minimal_waiting_time; 0.0
vs_vehicles; 13
