ean_max_load_factor; 0.39
ean_prop_activities; 22406
ean_prop_activities_change; 20746
ean_prop_activities_drive; 768
ean_prop_activities_feas; 1660
ean_prop_activities_headway; 0
ean_prop_activities_objective; 1660
ean_prop_activities_od; 1139
ean_prop_activities_od_change; 0
ean_prop_activities_od_drive; 643
ean_prop_activities_od_wait; 496
ean_prop_activities_wait; 618
ean_prop_change_od_max; 4.9E-324
ean_prop_change_od_min; 1.7976931348623157E308
ean_prop_events; 1536
ean_prop_events_arrival; 768
ean_prop_events_departure; 768
ean_prop_headways_dep; true
ean_prop_headways_interstation; false
ean_time_average; 4.912895284983905
lc_average_distance; 366.8512602546231
lc_average_edges; 5.111111111111111
lc_average_length; 10.222222222222221
lc_cost; 3807.6
lc_feasible; true
lc_min_distance; 100.0
lc_min_edges; 2.0
lc_min_length; 4.0
lc_obj_direct_travellers_sp; 2546
lc_obj_game; 4688
lc_prop_directed_lines; 126
lc_prop_freq_max; 3
lc_time_average; 20.168106834249805
lc_var_distance; 11451.898881340807
lc_var_edges; 1.5908289241622633
lc_var_length; 6.363315696649053
tim_feasible; true
tim_number_of_transfers; 0
tim_obj_ptt1; 39324
tim_obj_slack_average; 28
tim_obj_slack_change_average; 0.000000
tim_obj_slack_drive_average; 0.000000
tim_obj_slack_headway_average; 0.000000
tim_obj_slack_wait_average; 0.000000
tim_perceived_time_average; 15.445405
tim_prop_changes_od_max; 0
tim_prop_changes_od_min; 2147483647
tim_time_average; 15.445405
vs_average_waiting_time; 8.329938900203667
vs_circulations; 24
vs_cost; 26455.0
vs_empty_distance; 0.0
vs_empty_distance_with_depot; 0.0
vs_empty_duration; 0.0
vs_empty_duration_with_depot; 0.0
vs_empty_trips; 0
vs_empty_trips_depot; 0
vs_feasible; true
vs_full_distance; 6020.0
vs_full_duration; 18060.0
vs_maximal_waiting_time; 28.0
vs_minimal_waiting_time; 0.0
vs_vehicles; 99
