ean_max_load_factor; 0.38
ean_prop_activities; 22664
ean_prop_activities_change; 20968
ean_prop_activities_drive; 820
ean_prop_activities_feas; 1696
ean_prop_activities_headway; 0
ean_prop_activities_objective; 1711
ean_prop_activities_od; 1216
ean_prop_activities_od_change; 15
ean_prop_activities_od_drive; 682
ean_prop_activities_od_wait; 519
ean_prop_activities_wait; 644
ean_prop_change_od_max; 95
ean_prop_change_od_min; 65
ean_prop_events; 1640
ean_prop_events_arrival; 820
ean_prop_events_departure; 820
ean_prop_headways_dep; true
ean_prop_headways_interstation; false
ean_time_average; 4.8
lc_average_distance; 299501.08
lc_average_edges; 4.6
lc_average_length; 8.89
lc_min_distance; 60000
lc_min_edges; 1
lc_min_length; 1.2
lc_time_average; 15.39
lc_var_distance; 11268980485.42
lc_var_edges; 2.29
lc_var_length; 12.64
tim_feasible; true
tim_number_of_transfers; 52
tim_obj_ptt1; 58968
tim_obj_slack_average; 28
tim_obj_slack_change_average; 6.85
tim_obj_slack_drive_average; 0
tim_obj_slack_headway_average; 0
tim_obj_slack_wait_average; 0
tim_perceived_time_average; 14.24
tim_prop_changes_od_max; 59
tim_prop_changes_od_min; 3
tim_time_average; 14.06
vs_average_waiting_time; 10.92
vs_circulations; 113
vs_cost; 31101.62
vs_empty_cost; 13979.08
vs_empty_distance; 23
vs_empty_distance_with_depot; 23
vs_empty_duration_driving; 164
vs_empty_duration_standing; 6183
vs_empty_duration_with_depot; 6347
vs_empty_trips; 15
vs_empty_trips_depot; 15
vs_feasible; true
vs_full_distance; 6203.36
vs_full_duration; 18762
vs_maximal_waiting_time; 33
vs_minimal_waiting_time; 0
vs_vehicles; 113
