ean_max_load_factor; 3.33
ean_prop_activities; 5730
ean_prop_activities_change; 4382
ean_prop_activities_drive; 582
ean_prop_activities_feas; 1348
ean_prop_activities_headway; 0
ean_prop_activities_objective; 1658
ean_prop_activities_od; 1219
ean_prop_activities_od_change; 310
ean_prop_activities_od_drive; 511
ean_prop_activities_od_wait; 398
ean_prop_activities_wait; 482
ean_prop_change_od_max; 125
ean_prop_change_od_min; 25
ean_prop_events; 1164
ean_prop_events_arrival; 582
ean_prop_events_departure; 582
ean_prop_headways_dep; true
ean_prop_headways_interstation; false
ean_time_average; 4.55
lc_average_distance; 19272.08
lc_average_edges; 5.32
lc_average_length; 30.3
lc_min_distance; 6345.05
lc_min_edges; 2
lc_min_length; 9.38
lc_time_average; 23.45
lc_var_distance; 79342424.28
lc_var_edges; 7.5
lc_var_length; 168.21
lpool_average_distance; 7789.12
lpool_average_edges; 1.73
lpool_average_length; 11.39
lpool_cost; 6433.33
lpool_feasible_circles; true
lpool_feasible_od; true
lpool_min_distance; 201.32
lpool_min_edges; 1
lpool_min_length; 0.2
lpool_prop_directed_lines; 254
lpool_time_average; 23.65
lpool_var_distance; 28943791.62
lpool_var_edges; 1.42
lpool_var_length; 83.28
od_prop_entries_greater_zero; 675
od_prop_overall_sum; 5581.18
tim_feasible; true
tim_number_of_transfers; 397
tim_obj_ptt1; 124697
tim_obj_slack_average; 22
tim_obj_slack_change_average; 9.75
tim_obj_slack_drive_average; 0
tim_obj_slack_headway_average; 0
tim_obj_slack_wait_average; 0
tim_perceived_time_average; 21.99
tim_prop_changes_od_max; 62
tim_prop_changes_od_min; 3
tim_time_average; 21.53
vs_average_waiting_time; 8.25
vs_circulations; 71
vs_cost; 29613.04
vs_empty_cost; 8329.09
vs_empty_distance; 128.84
vs_empty_distance_with_depot; 128.84
vs_empty_duration_driving; 358
vs_empty_duration_standing; 2128
vs_empty_duration_with_depot; 2486
vs_empty_trips; 27
vs_empty_trips_depot; 27
vs_feasible; true
vs_full_distance; 11061.8
vs_full_duration; 11259
vs_maximal_waiting_time; 51
vs_minimal_waiting_time; 0
vs_vehicles; 71
