ean_max_load_factor; 0.62
ean_prop_activities; 31204
ean_prop_activities_change; 28804
ean_prop_activities_drive; 944
ean_prop_activities_feas; 2400
ean_prop_activities_headway; 0
ean_prop_activities_objective; 2467
ean_prop_activities_od; 1137
ean_prop_activities_od_change; 67
ean_prop_activities_od_drive; 621
ean_prop_activities_od_wait; 449
ean_prop_activities_wait; 708
ean_prop_change_od_max; 80
ean_prop_change_od_min; 20.24
ean_prop_events; 1888
ean_prop_events_arrival; 944
ean_prop_events_departure; 944
ean_prop_headways_dep; true
ean_prop_headways_interstation; false
ean_time_average; 5.02
lc_average_distance; 244130.31
lc_average_edges; 4.41
lc_average_length; 8.06
lc_cost; 5964.82
lc_feasible; true
lc_min_distance; 60000
lc_min_edges; 1
lc_min_length; 1.2
lc_mip_gap; 0
lc_obj_direct_travellers_sp; 2915
lc_obj_game; 8210
lc_prop_directed_lines; 98
lc_prop_freq_max; 9
lc_time_average; 15.39
lc_var_distance; 13118759303.53
lc_var_edges; 6.94
lc_var_length; 26.11
tim_feasible; true
tim_number_of_transfers; 257
tim_obj_ptt1; 67824
tim_obj_slack_average; 27
tim_obj_slack_change_average; 13.03
tim_obj_slack_drive_average; 0
tim_obj_slack_headway_average; 0
tim_obj_slack_wait_average; 0
tim_perceived_time_average; 15.55
tim_prop_changes_od_max; 62
tim_prop_changes_od_min; 3
tim_time_average; 14.66
vs_average_waiting_time; 6.05
vs_circulations; 111
vs_cost; 29955.34
vs_empty_cost; 13242.36
vs_empty_distance; 71.85
vs_empty_distance_with_depot; 71.85
vs_empty_duration_driving; 395
vs_empty_duration_standing; 4488
vs_empty_duration_with_depot; 4883
vs_empty_trips; 34
vs_empty_trips_depot; 34
vs_feasible; true
vs_full_distance; 6035.6
vs_full_duration; 18383
vs_maximal_waiting_time; 36
vs_minimal_waiting_time; 0
vs_vehicles; 111
