ean_max_load_factor; 1.36
ean_prop_activities; 10762
ean_prop_activities_change; 9592
ean_prop_activities_drive; 548
ean_prop_activities_feas; 1170
ean_prop_activities_headway; 0
ean_prop_activities_objective; 1245
ean_prop_activities_od; 922
ean_prop_activities_od_change; 75
ean_prop_activities_od_drive; 480
ean_prop_activities_od_wait; 367
ean_prop_activities_wait; 424
ean_prop_change_od_max; 95
ean_prop_change_od_min; 65
ean_prop_events; 1096
ean_prop_events_arrival; 548
ean_prop_events_departure; 548
ean_prop_headways_dep; true
ean_prop_headways_interstation; false
ean_time_average; 5.59
lc_average_distance; 267700.35
lc_average_edges; 4.31
lc_average_length; 7.58
lc_min_distance; 60000
lc_min_edges; 1
lc_min_length; 1.2
lc_time_average; 15.39
lc_var_distance; 10838340170.7
lc_var_edges; 3.96
lc_var_length; 11.49
tim_feasible; true
tim_number_of_transfers; 285
tim_obj_ptt1; 65461
tim_obj_slack_average; 26
tim_obj_slack_change_average; 12.87
tim_obj_slack_drive_average; 0
tim_obj_slack_headway_average; 0
tim_obj_slack_wait_average; 0
tim_perceived_time_average; 14.98
tim_prop_changes_od_max; 62
tim_prop_changes_od_min; 3
tim_time_average; 14.44
vs_average_waiting_time; 10.09
vs_circulations; 71
vs_cost; 18863.45
vs_empty_cost; 8931.55
vs_empty_distance; 55.2
vs_empty_distance_with_depot; 55.2
vs_empty_duration_driving; 343
vs_empty_duration_standing; 3854
vs_empty_duration_with_depot; 4197
vs_empty_trips; 23
vs_empty_trips_depot; 23
vs_feasible; true
vs_full_distance; 3584.6
vs_full_duration; 10932
vs_maximal_waiting_time; 55
vs_minimal_waiting_time; 0
vs_vehicles; 71
