ean_max_load_factor; 1.24
ean_prop_activities; 17150
ean_prop_activities_change; 15126
ean_prop_activities_drive; 780
ean_prop_activities_feas; 2024
ean_prop_activities_headway; 0
ean_prop_activities_objective; 2341
ean_prop_activities_od; 902
ean_prop_activities_od_change; 317
ean_prop_activities_od_drive; 365
ean_prop_activities_od_wait; 220
ean_prop_activities_wait; 544
ean_prop_change_od_max; 85
ean_prop_change_od_min; 12.43
ean_prop_events; 1560
ean_prop_events_arrival; 780
ean_prop_events_departure; 780
ean_prop_headways_dep; true
ean_prop_headways_interstation; false
ean_time_average; 7.75
lc_average_distance; 315196.95
lc_average_edges; 3.08
lc_average_length; 6.34
lc_cost; 5956.22
lc_feasible; true
lc_min_distance; 190000
lc_min_edges; 1
lc_min_length; 3.8
lc_obj_direct_travellers_sp; 1855
lc_obj_game; 21166
lc_prop_directed_lines; 26
lc_prop_freq_max; 79
lc_time_average; 15.39
lc_var_distance; 8112418360.15
lc_var_edges; 1.76
lc_var_length; 3.15
tim_feasible; true
tim_number_of_transfers; 2346
tim_obj_ptt1; 110866
tim_obj_slack_average; 25
tim_obj_slack_change_average; 17.33
tim_obj_slack_drive_average; 0
tim_obj_slack_headway_average; 0
tim_obj_slack_wait_average; 0
tim_perceived_time_average; 18.81
tim_prop_changes_od_max; 62
tim_prop_changes_od_min; 3
tim_time_average; 16.04
vs_average_waiting_time; 3.04
vs_circulations; 87
vs_cost; 24610.4
vs_empty_cost; 9727.33
vs_empty_distance; 10
vs_empty_distance_with_depot; 10
vs_empty_duration_driving; 54
vs_empty_duration_standing; 2372
vs_empty_duration_with_depot; 2426
vs_empty_trips; 9
vs_empty_trips_depot; 9
vs_feasible; true
vs_full_distance; 5420.38
vs_full_duration; 16206
vs_maximal_waiting_time; 30
vs_minimal_waiting_time; 0
vs_vehicles; 87
