ean_max_load_factor; 1.47
ean_prop_activities; 3800
ean_prop_activities_change; 2410
ean_prop_activities_drive; 700
ean_prop_activities_feas; 1390
ean_prop_activities_headway; 0
ean_prop_activities_objective; 2596
ean_prop_activities_od; 2553
ean_prop_activities_od_change; 1206
ean_prop_activities_od_drive; 699
ean_prop_activities_od_wait; 648
ean_prop_activities_wait; 650
ean_prop_change_od_max; 125
ean_prop_change_od_min; 95
ean_prop_events; 1400
ean_prop_events_arrival; 700
ean_prop_events_departure; 700
ean_prop_headways_dep; true
ean_prop_headways_interstation; false
ean_time_average; 6.51
lc_average_distance; 6663.07
lc_average_edges; 13.75
lc_average_length; 7.8
lc_cost; 1277.36
lc_feasible; true
lc_min_distance; 499.92
lc_min_edges; 7
lc_min_length; 2.3
lc_mip_gap; 0
lc_obj_direct_travellers_sp; 818
lc_obj_game; 722
lc_prop_directed_lines; 48
lc_prop_freq_max; 2
lc_time_average; 19.13
lc_var_distance; 6897132.79
lc_var_edges; 22.1
lc_var_length; 7.19
tim_feasible; true
tim_number_of_transfers; 1020
tim_obj_ptt1; 56163
tim_obj_slack_average; 19
tim_obj_slack_change_average; 8.3
tim_obj_slack_drive_average; 0
tim_obj_slack_headway_average; 0
tim_obj_slack_wait_average; 0.05
tim_perceived_time_average; 19.34
tim_prop_changes_od_max; 62
tim_prop_changes_od_min; 3
tim_time_average; 16.72
vs_average_waiting_time; 26.2
vs_circulations; 49
vs_cost; 35612.82
vs_empty_cost; 13769.75
vs_empty_distance; 89
vs_empty_distance_with_depot; 89
vs_empty_duration_driving; 690
vs_empty_duration_standing; 20277
vs_empty_duration_with_depot; 20967
vs_empty_trips; 37
vs_empty_trips_depot; 37
vs_feasible; true
vs_full_distance; 6775.1
vs_full_duration; 28033
vs_maximal_waiting_time; 59
vs_minimal_waiting_time; 3
vs_vehicles; 49
