ean_max_load_factor; 1.66
ean_prop_activities; 1202
ean_prop_activities_change; 886
ean_prop_activities_drive; 164
ean_prop_activities_feas; 316
ean_prop_activities_headway; 0
ean_prop_activities_objective; 496
ean_prop_activities_od; 472
ean_prop_activities_od_change; 180
ean_prop_activities_od_drive; 163
ean_prop_activities_od_wait; 129
ean_prop_activities_wait; 132
ean_prop_change_od_max; 125.0
ean_prop_change_od_min; 65.0
ean_prop_events; 328
ean_prop_events_arrival; 164
ean_prop_events_departure; 164
ean_prop_headways_dep; true
ean_prop_headways_interstation; false
ean_time_average; 11.757113640405478
lc_average_distance; 396.91888410942323
lc_average_edges; 5.666666666666667
lc_average_length; 11.333333333333334
lc_cost; 16005
lc_feasible; true
lc_min_distance; 223.60679774997897
lc_min_edges; 4.0
lc_min_length; 8.0
lc_obj_direct_travellers_sp; 1978
lc_obj_game; 425
lc_prop_directed_lines; 30
lc_prop_freq_max; 1
lc_time_average; 20.68421052631579
lc_var_distance; 11122.066103996913
lc_var_edges; 1.55555555555555
lc_var_length; 6.2222222222222
tim_feasible; true
tim_number_of_transfers; 629
tim_obj_ptt1; 42345
tim_obj_slack_average; 25
tim_obj_slack_change_average; 1.650238
tim_obj_slack_drive_average; 0.000000
tim_obj_slack_headway_average; 0.000000
tim_obj_slack_wait_average; 0.000000
tim_perceived_time_average; 19.011783
tim_prop_changes_od_max; 60
tim_prop_changes_od_min; 3
tim_time_average; 17.857031
vs_average_waiting_time; 25.426666666666666
vs_circulations; 31
vs_cost; 12595.583333333334
vs_empty_distance; 0.0
vs_empty_distance_with_depot; 0.0
vs_empty_duration; 0.0
vs_empty_duration_with_depot; 0.0
vs_empty_trips; 0
vs_empty_trips_depot; 0
vs_feasible; true
vs_full_distance; 1184.0
vs_full_duration; 3647.0
vs_maximal_waiting_time; 57.0
vs_minimal_waiting_time; 3.0
vs_vehicles; 31
