ean_max_load_factor; 1.76
ean_prop_activities; 2594
ean_prop_activities_change; 1996
ean_prop_activities_drive; 264
ean_prop_activities_feas; 598
ean_prop_activities_headway; 0
ean_prop_activities_objective; 678
ean_prop_activities_od; 550
ean_prop_activities_od_change; 80
ean_prop_activities_od_drive; 258
ean_prop_activities_od_wait; 212
ean_prop_activities_wait; 220
ean_prop_change_od_max; 95
ean_prop_change_od_min; 55
ean_prop_events; 528
ean_prop_events_arrival; 264
ean_prop_events_departure; 264
ean_prop_headways_dep; true
ean_prop_headways_interstation; false
ean_time_average; 6.02
lc_average_distance; 325595.51
lc_average_edges; 6.06
lc_average_length; 11.25
lc_cost; 1118.62
lc_feasible; true
lc_min_distance; 199248.59
lc_min_edges; 4
lc_min_length; 5.8
lc_mip_gap; 0
lc_obj_direct_travellers_sp; 2743
lc_obj_game; 572
lc_prop_directed_lines; 32
lc_prop_freq_max; 3
lc_time_average; 15.39
lc_var_distance; 8187564347.37
lc_var_edges; 4.43
lc_var_length; 20.23
tim_feasible; true
tim_number_of_transfers; 376
tim_obj_ptt1; 74116
tim_obj_slack_average; 22
tim_obj_slack_change_average; 15.03
tim_obj_slack_drive_average; 0
tim_obj_slack_headway_average; 0
tim_obj_slack_wait_average; 0
tim_perceived_time_average; 16.53
tim_prop_changes_od_max; 62
tim_prop_changes_od_min; 3
tim_time_average; 15.45
vs_average_waiting_time; 10.11
vs_circulations; 33
vs_cost; 8402.5
vs_empty_cost; 3820.43
vs_empty_distance; 6.4
vs_empty_distance_with_depot; 6.4
vs_empty_duration_driving; 33
vs_empty_duration_standing; 1193
vs_empty_duration_with_depot; 1226
vs_empty_trips; 4
vs_empty_trips_depot; 4
vs_feasible; true
vs_full_distance; 1658.32
vs_full_duration; 5027
vs_maximal_waiting_time; 29
vs_minimal_waiting_time; 0
vs_vehicles; 33
