ean_max_load_factor; 1.4
ean_prop_activities; 3562
ean_prop_activities_change; 2192
ean_prop_activities_drive; 654
ean_prop_activities_feas; 1370
ean_prop_activities_headway; 0
ean_prop_activities_objective; 2587
ean_prop_activities_od; 2472
ean_prop_activities_od_change; 1217
ean_prop_activities_od_drive; 653
ean_prop_activities_od_wait; 602
ean_prop_activities_wait; 604
ean_prop_change_od_max; 125
ean_prop_change_od_min; 65
ean_prop_events; 1308
ean_prop_events_arrival; 654
ean_prop_events_departure; 654
ean_prop_headways_dep; true
ean_prop_headways_interstation; false
ean_time_average; 6.4
lc_average_distance; 6224.03
lc_average_edges; 12.87
lc_average_length; 7.48
lc_cost; 1275.72
lc_feasible; true
lc_min_distance; 499.92
lc_min_edges; 7
lc_min_length; 2.3
lc_mip_gap; 0
lc_obj_direct_travellers_sp; 792
lc_obj_game; 641
lc_prop_directed_lines; 46
lc_prop_freq_max; 2
lc_time_average; 19.07
lc_var_distance; 7656175.91
lc_var_edges; 24.11
lc_var_length; 9.21
tim_feasible; true
tim_number_of_transfers; 1072
tim_obj_ptt1; 68275
tim_obj_slack_average; 16
tim_obj_slack_change_average; 14.13
tim_obj_slack_drive_average; 0.03
tim_obj_slack_headway_average; 0
tim_obj_slack_wait_average; 0.17
tim_perceived_time_average; 21.32
tim_prop_changes_od_max; 62
tim_prop_changes_od_min; 3
tim_time_average; 18.45
vs_average_waiting_time; 16.92
vs_circulations; 43
vs_cost; 33280.85
vs_empty_cost; 10851.08
vs_empty_distance; 688.5
vs_empty_distance_with_depot; 688.5
vs_empty_duration_driving; 4580
vs_empty_duration_standing; 8664
vs_empty_duration_with_depot; 13244
vs_empty_trips; 312
vs_empty_trips_depot; 312
vs_feasible; true
vs_full_distance; 6482.9
vs_full_duration; 30493
vs_maximal_waiting_time; 40
vs_minimal_waiting_time; 0
vs_vehicles; 43
