ean_max_load_factor; 0.45
ean_prop_activities; 47106
ean_prop_activities_change; 41738
ean_prop_activities_drive; 2684
ean_prop_activities_feas; 5368
ean_prop_activities_headway; 0
ean_prop_activities_objective; 10082
ean_prop_activities_od; 9841
ean_prop_activities_od_change; 4714
ean_prop_activities_od_drive; 2682
ean_prop_activities_od_wait; 2445
ean_prop_activities_wait; 2450
ean_prop_change_od_max; 125
ean_prop_change_od_min; 125
ean_prop_events; 5368
ean_prop_events_arrival; 2684
ean_prop_events_departure; 2684
ean_prop_headways_dep; true
ean_prop_headways_interstation; false
ean_time_average; 5.27
lc_average_distance; 5310.62
lc_average_edges; 11.47
lc_average_length; 7.12
lc_cost; 5958.77
lc_feasible; true
lc_min_distance; 499.92
lc_min_edges; 6
lc_min_length; 1.9
lc_mip_gap; 0
lc_obj_direct_travellers_sp; 1015
lc_obj_game; 9398
lc_prop_directed_lines; 234
lc_prop_freq_max; 1
lc_time_average; 18.58
lc_var_distance; 3643040.21
lc_var_edges; 7.36
lc_var_length; 14.25
tim_feasible; true
tim_number_of_transfers; 170
tim_obj_ptt1; 55515
tim_obj_slack_average; 26
tim_obj_slack_change_average; 22.85
tim_obj_slack_drive_average; 0
tim_obj_slack_headway_average; 0
tim_obj_slack_wait_average; 0
tim_perceived_time_average; 16.55
tim_prop_changes_od_max; 62
tim_prop_changes_od_min; 3
tim_time_average; 15.03
vs_average_waiting_time; 8.26
vs_circulations; 142
vs_cost; 120904.62
vs_empty_cost; 29342.75
vs_empty_distance; 955
vs_empty_distance_with_depot; 955
vs_empty_duration_driving; 6167
vs_empty_duration_standing; 26734
vs_empty_duration_with_depot; 32901
vs_empty_trips; 745
vs_empty_trips_depot; 745
vs_feasible; true
vs_full_distance; 29189.3
vs_full_duration; 114667
vs_maximal_waiting_time; 30
vs_minimal_waiting_time; 0
vs_vehicles; 142
