ean_max_load_factor; 0.42
ean_prop_activities; 37286
ean_prop_activities_change; 34676
ean_prop_activities_drive; 1070
ean_prop_activities_feas; 2610
ean_prop_activities_headway; 0
ean_prop_activities_objective; 2736
ean_prop_activities_od; 1303
ean_prop_activities_od_change; 126
ean_prop_activities_od_drive; 694
ean_prop_activities_od_wait; 483
ean_prop_activities_wait; 834
ean_prop_change_od_max; 50
ean_prop_change_od_min; 19.17
ean_prop_events; 2140
ean_prop_events_arrival; 1070
ean_prop_events_departure; 1070
ean_prop_headways_dep; true
ean_prop_headways_interstation; false
ean_time_average; 5.39
lc_average_distance; 273129.56
lc_average_edges; 4.04
lc_average_length; 7.26
lc_cost; 5973.18
lc_feasible; true
lc_min_distance; 90000
lc_min_edges; 1
lc_min_length; 2
lc_mip_gap; 0
lc_obj_direct_travellers_sp; 2986
lc_obj_game; 10905
lc_prop_directed_lines; 90
lc_prop_freq_max; 9
lc_time_average; 15.39
lc_var_distance; 11144689952.12
lc_var_edges; 2.66
lc_var_length; 8.24
tim_feasible; true
tim_number_of_transfers; 649
tim_obj_ptt1; 68649
tim_obj_slack_average; 27
tim_obj_slack_change_average; 11.68
tim_obj_slack_drive_average; 0
tim_obj_slack_headway_average; 0
tim_obj_slack_wait_average; 0
tim_perceived_time_average; 15.47
tim_prop_changes_od_max; 62
tim_prop_changes_od_min; 3
tim_time_average; 14.55
vs_average_waiting_time; 9.51
vs_circulations; 141
vs_cost; 35815.21
vs_empty_cost; 17066.98
vs_empty_distance; 36.6
vs_empty_distance_with_depot; 36.6
vs_empty_duration_driving; 159
vs_empty_duration_standing; 6830
vs_empty_duration_with_depot; 6989
vs_empty_trips; 14
vs_empty_trips_depot; 14
vs_feasible; true
vs_full_distance; 6776.04
vs_full_duration; 20602
vs_maximal_waiting_time; 56
vs_minimal_waiting_time; 0
vs_vehicles; 141
