ean_max_load_factor; 0.91
ean_prop_activities; 1928
ean_prop_activities_change; 1368
ean_prop_activities_drive; 208
ean_prop_activities_feas; 560
ean_prop_activities_headway; 0
ean_prop_activities_objective; 797
ean_prop_activities_od; 606
ean_prop_activities_od_change; 237
ean_prop_activities_od_drive; 202
ean_prop_activities_od_wait; 167
ean_prop_activities_wait; 176
ean_prop_change_od_max; 55.0
ean_prop_change_od_min; 37.0
ean_prop_events; 416
ean_prop_events_arrival; 208
ean_prop_events_departure; 208
ean_prop_headways_dep; true
ean_prop_headways_interstation; false
ean_time_average; 7.584378708255636
lc_average_distance; 485.15960817967846
lc_average_edges; 6.4
lc_average_length; 12.8
lc_cost; 815.6
lc_feasible; true
lc_min_distance; 400.0
lc_min_edges; 4.0
lc_min_length; 8.0
lc_obj_direct_travellers_sp; 1765
lc_obj_game; 660
lc_prop_directed_lines; 10
lc_prop_freq_max; 5
lc_time_average; 22.35271013354281
lc_var_distance; 4620.154590940889
lc_var_edges; 2.239999999999995
lc_var_length; 8.95999999999998
tim_feasible; true
tim_number_of_transfers; 781
tim_obj_ptt1; 64551
tim_obj_slack_average; 20
tim_obj_slack_change_average; 24.553137
tim_obj_slack_drive_average; 0.000000
tim_obj_slack_headway_average; 0.000000
tim_obj_slack_wait_average; 0.000000
tim_perceived_time_average; 20.434407
tim_prop_changes_od_max; 62
tim_prop_changes_od_min; 3
tim_time_average; 18.900628
vs_average_waiting_time; 3.9770114942528734
vs_circulations; 7
vs_cost; 6194.0
vs_empty_distance; 0.0
vs_empty_distance_with_depot; 0.0
vs_empty_duration; 0.0
vs_empty_duration_with_depot; 0.0
vs_empty_trips; 0
vs_empty_trips_depot; 0
vs_feasible; true
vs_full_distance; 1416.0
vs_full_duration; 4248.0
vs_maximal_waiting_time; 12.0
vs_minimal_waiting_time; 0.0
vs_vehicles; 23
