lc_average_distance; 397.8090649927798
lc_average_edges; 5.512195121951219
lc_average_length; 11.024390243902438
lc_cost; 49581
lc_feasible; true
lc_min_distance; 200.0
lc_min_edges; 4.0
lc_min_length; 8.0
lc_obj_direct_travellers_sp; 2546
lc_obj_game; 1956
lc_prop_directed_lines; 82
lc_prop_freq_max; 2
lc_time_average; 20.168106834249805
lc_var_distance; 8089.411224204465
lc_var_edges; 1.1766805472932838
lc_var_length; 4.706722189173135
tim_feasible; true
tim_number_of_transfers; 0
tim_obj_ptt1; 39324
tim_obj_slack_average; 26
tim_obj_slack_change_average; 0.000000
tim_obj_slack_drive_average; 0.000000
tim_obj_slack_headway_average; 0.000000
tim_obj_slack_wait_average; 0.000000
tim_perceived_time_average; 15.445405
tim_prop_changes_od_max; 0
tim_prop_changes_od_min; 2147483647
tim_time_average; 15.445405
vs_average_waiting_time; 15.96888888888889
vs_circulations; 6
vs_cost; 34064.083333333336
vs_empty_distance; 40.0
vs_empty_distance_with_depot; 40.0
vs_empty_duration; 373.0
vs_empty_duration_with_depot; 373.0
vs_empty_trips; 13
vs_empty_trips_depot; 13
vs_feasible; true
vs_full_distance; 3558.0
vs_full_duration; 10828.0
vs_maximal_waiting_time; 59.0
vs_minimal_waiting_time; 0.0
vs_vehicles; 80
