lc_average_distance; 396.91888410942323
lc_average_edges; 5.666666666666667
lc_average_length; 11.333333333333334
lc_cost; 16005
lc_feasible; true
lc_min_distance; 223.60679774997897
lc_min_edges; 4.0
lc_min_length; 8.0
lc_obj_direct_travellers_sp; 1978
lc_obj_game; 425
lc_prop_directed_lines; 30
lc_prop_freq_max; 1
lc_time_average; 20.68421052631579
lc_var_distance; 11122.066103996913
lc_var_edges; 1.55555555555555
lc_var_length; 6.2222222222222
tim_feasible; true
tim_number_of_transfers; 561
tim_obj_ptt1; 53025
tim_obj_slack_average; 22
tim_obj_slack_change_average; 19.048128
tim_obj_slack_drive_average; 0.000000
tim_obj_slack_headway_average; 0.000000
tim_obj_slack_wait_average; 0.000000
tim_perceived_time_average; 19.380597
tim_prop_changes_od_max; 60
tim_prop_changes_od_min; 3
tim_time_average; 18.262765
vs_average_waiting_time; 5.764044943820225
vs_circulations; 12
vs_cost; 9371.5
vs_empty_distance; 0.0
vs_empty_distance_with_depot; 0.0
vs_empty_duration; 0.0
vs_empty_duration_with_depot; 0.0
vs_empty_trips; 0
vs_empty_trips_depot; 0
vs_feasible; true
vs_full_distance; 1226.0
vs_full_duration; 3678.0
vs_maximal_waiting_time; 24.0
vs_minimal_waiting_time; 0.0
vs_vehicles; 20
