ean_max_load_factor; 0.44
ean_prop_activities; 48332
ean_prop_activities_change; 43128
ean_prop_activities_drive; 2602
ean_prop_activities_feas; 5204
ean_prop_activities_headway; 0
ean_prop_activities_objective; 9989
ean_prop_activities_od; 9751
ean_prop_activities_od_change; 4785
ean_prop_activities_od_drive; 2600
ean_prop_activities_od_wait; 2366
ean_prop_activities_wait; 2368
ean_prop_change_od_max; 125
ean_prop_change_od_min; 125
ean_prop_events; 5204
ean_prop_events_arrival; 2602
ean_prop_events_departure; 2602
ean_prop_headways_dep; true
ean_prop_headways_interstation; false
ean_time_average; 5.29
lc_average_distance; 5387.95
lc_average_edges; 11.12
lc_average_length; 6.35
lc_cost; 5952.18
lc_feasible; true
lc_min_distance; 2175
lc_min_edges; 5
lc_min_length; 2.9
lc_mip_gap; 0
lc_obj_direct_travellers_sp; 1013
lc_obj_game; 10279
lc_prop_directed_lines; 234
lc_prop_freq_max; 1
lc_time_average; 18.78
lc_var_distance; 2547061.01
lc_var_edges; 7.44
lc_var_length; 7.17
tim_feasible; true
tim_number_of_transfers; 188
tim_obj_ptt1; 55921
tim_obj_slack_average; 26
tim_obj_slack_change_average; 22.34
tim_obj_slack_drive_average; 0
tim_obj_slack_headway_average; 0
tim_obj_slack_wait_average; 0
tim_perceived_time_average; 16.83
tim_prop_changes_od_max; 62
tim_prop_changes_od_min; 3
tim_time_average; 15.25
vs_average_waiting_time; 7.98
vs_circulations; 127
vs_cost; 108819.72
vs_empty_cost; 27420.68
vs_empty_distance; 834.9
vs_empty_distance_with_depot; 834.9
vs_empty_duration_driving; 5063
vs_empty_duration_standing; 27261
vs_empty_duration_with_depot; 32324
vs_empty_trips; 594
vs_empty_trips_depot; 594
vs_feasible; true
vs_full_distance; 26223.8
vs_full_duration; 100952
vs_maximal_waiting_time; 29
vs_minimal_waiting_time; 0
vs_vehicles; 127
