ean_max_load_factor; 0.43
ean_prop_activities; 20852
ean_prop_activities_change; 19250
ean_prop_activities_drive; 778
ean_prop_activities_feas; 1602
ean_prop_activities_headway; 0
ean_prop_activities_objective; 1616
ean_prop_activities_od; 1139
ean_prop_activities_od_change; 14
ean_prop_activities_od_drive; 644
ean_prop_activities_od_wait; 481
ean_prop_activities_wait; 612
ean_prop_change_od_max; 125
ean_prop_change_od_min; 65
ean_prop_events; 1556
ean_prop_events_arrival; 778
ean_prop_events_departure; 778
ean_prop_headways_dep; true
ean_prop_headways_interstation; false
ean_time_average; 4.93
lc_average_distance; 305784.78
lc_average_edges; 4.63
lc_average_length; 8.89
lc_min_distance; 70000
lc_min_edges; 2
lc_min_length; 3.2
lc_time_average; 15.39
lc_var_distance; 9246299885.02
lc_var_edges; 1.83
lc_var_length; 10.34
tim_feasible; true
tim_number_of_transfers; 62
tim_obj_ptt1; 59011
tim_obj_slack_average; 28
tim_obj_slack_change_average; 2.57
tim_obj_slack_drive_average; 0
tim_obj_slack_headway_average; 0
tim_obj_slack_wait_average; 0
tim_perceived_time_average; 14.32
tim_prop_changes_od_max; 37
tim_prop_changes_od_min; 3
tim_time_average; 14.1
vs_average_waiting_time; 11.13
vs_circulations; 108
vs_cost; 29423.9
vs_empty_cost; 13347.43
vs_empty_distance; 9.4
vs_empty_distance_with_depot; 9.4
vs_empty_duration_driving; 61
vs_empty_duration_standing; 6019
vs_empty_duration_with_depot; 6080
vs_empty_trips; 3
vs_empty_trips_depot; 3
vs_feasible; true
vs_full_distance; 5823.48
vs_full_duration; 17619
vs_maximal_waiting_time; 58
vs_minimal_waiting_time; 0
vs_vehicles; 108
