ean_max_load_factor; 3.38
ean_prop_activities; 5300
ean_prop_activities_change; 3944
ean_prop_activities_drive; 566
ean_prop_activities_feas; 1356
ean_prop_activities_headway; 0
ean_prop_activities_objective; 1661
ean_prop_activities_od; 1143
ean_prop_activities_od_change; 305
ean_prop_activities_od_drive; 475
ean_prop_activities_od_wait; 363
ean_prop_activities_wait; 470
ean_prop_change_od_max; 125
ean_prop_change_od_min; 25
ean_prop_events; 1132
ean_prop_events_arrival; 566
ean_prop_events_departure; 566
ean_prop_headways_dep; true
ean_prop_headways_interstation; false
ean_time_average; 4.5
lc_average_distance; 16870.89
lc_average_edges; 5.86
lc_average_length; 27.74
lc_min_distance; 2589.37
lc_min_edges; 2
lc_min_length; 11.57
lc_time_average; 23.64
lc_var_distance; 94194843.73
lc_var_edges; 5.84
lc_var_length; 75.08
lpool_average_distance; 7789.12
lpool_average_edges; 1.73
lpool_average_length; 11.39
lpool_cost; 6433.33
lpool_feasible_circles; true
lpool_feasible_od; true
lpool_min_distance; 201.32
lpool_min_edges; 1
lpool_min_length; 0.2
lpool_prop_directed_lines; 254
lpool_time_average; 23.65
lpool_var_distance; 28943791.62
lpool_var_edges; 1.42
lpool_var_length; 83.28
od_prop_entries_greater_zero; 675
od_prop_overall_sum; 5581.18
tim_feasible; true
tim_number_of_transfers; 362
tim_obj_ptt1; 125963
tim_obj_slack_average; 21
tim_obj_slack_change_average; 11.87
tim_obj_slack_drive_average; 0
tim_obj_slack_headway_average; 0
tim_obj_slack_wait_average; 0
tim_perceived_time_average; 22.03
tim_prop_changes_od_max; 62
tim_prop_changes_od_min; 3
tim_time_average; 21.58
vs_average_waiting_time; 8.38
vs_circulations; 64
vs_cost; 27073.49
vs_empty_cost; 7506.25
vs_empty_distance; 63.61
vs_empty_distance_with_depot; 63.61
vs_empty_duration_driving; 172
vs_empty_duration_standing; 2254
vs_empty_duration_with_depot; 2426
vs_empty_trips; 11
vs_empty_trips_depot; 11
vs_feasible; true
vs_full_distance; 10197.33
vs_full_duration; 10251
vs_maximal_waiting_time; 42
vs_minimal_waiting_time; 0
vs_vehicles; 64
