ean_max_load_factor; 1.65
ean_prop_activities; 9540
ean_prop_activities_change; 8322
ean_prop_activities_drive; 530
ean_prop_activities_feas; 1218
ean_prop_activities_headway; 0
ean_prop_activities_objective; 1268
ean_prop_activities_od; 857
ean_prop_activities_od_change; 50
ean_prop_activities_od_drive; 454
ean_prop_activities_od_wait; 353
ean_prop_activities_wait; 420
ean_prop_change_od_max; 95
ean_prop_change_od_min; 45
ean_prop_events; 1060
ean_prop_events_arrival; 530
ean_prop_events_departure; 530
ean_prop_headways_dep; true
ean_prop_headways_interstation; false
ean_time_average; 5.18
lc_average_distance; 253747.17
lc_average_edges; 4.77
lc_average_length; 8.43
lc_min_distance; 60000
lc_min_edges; 1
lc_min_length; 1.2
lc_time_average; 15.39
lc_var_distance; 12553398606.07
lc_var_edges; 4.9
lc_var_length; 20.02
tim_feasible; true
tim_number_of_transfers; 245
tim_obj_ptt1; 65589
tim_obj_slack_average; 26
tim_obj_slack_change_average; 15.23
tim_obj_slack_drive_average; 0
tim_obj_slack_headway_average; 0
tim_obj_slack_wait_average; 0
tim_perceived_time_average; 15.17
tim_prop_changes_od_max; 61
tim_prop_changes_od_min; 3
tim_time_average; 14.58
vs_average_waiting_time; 9.77
vs_circulations; 67
vs_cost; 17660.1
vs_empty_cost; 8345.2
vs_empty_distance; 101.52
vs_empty_distance_with_depot; 101.52
vs_empty_duration_driving; 583
vs_empty_duration_standing; 3000
vs_empty_duration_with_depot; 3583
vs_empty_trips; 37
vs_empty_trips_depot; 37
vs_feasible; true
vs_full_distance; 3362.16
vs_full_duration; 10252
vs_maximal_waiting_time; 30
vs_minimal_waiting_time; 0
vs_vehicles; 67
