ean_max_load_factor; 1.37
ean_prop_activities; 5368
ean_prop_activities_change; 3152
ean_prop_activities_drive; 912
ean_prop_activities_feas; 2216
ean_prop_activities_headway; 0
ean_prop_activities_objective; 4166
ean_prop_activities_od; 3704
ean_prop_activities_od_change; 1950
ean_prop_activities_od_drive; 910
ean_prop_activities_od_wait; 844
ean_prop_activities_wait; 848
ean_prop_change_od_max; 65
ean_prop_change_od_min; 65
ean_prop_events; 1824
ean_prop_events_arrival; 912
ean_prop_events_departure; 912
ean_prop_headways_dep; true
ean_prop_headways_interstation; false
ean_time_average; 4.8
lc_average_distance; 6953.43
lc_average_edges; 14.25
lc_average_length; 8.19
lc_cost; 1635.9
lc_feasible; true
lc_min_distance; 499.92
lc_min_edges; 7
lc_min_length; 2.3
lc_mip_gap; 0
lc_obj_direct_travellers_sp; 767
lc_obj_game; 1152
lc_prop_directed_lines; 32
lc_prop_freq_max; 2
lc_time_average; 19.1
lc_var_distance; 7421191.24
lc_var_edges; 22.06
lc_var_length; 9.64
tim_feasible; true
tim_number_of_transfers; 938
tim_obj_ptt1; 81478
tim_obj_slack_average; 17
tim_obj_slack_change_average; 23.56
tim_obj_slack_drive_average; 0
tim_obj_slack_headway_average; 0
tim_obj_slack_wait_average; 0
tim_perceived_time_average; 23.4
tim_prop_changes_od_max; 62
tim_prop_changes_od_min; 3
tim_time_average; 20.27
vs_average_waiting_time; 11.38
vs_circulations; 45
vs_cost; 38234.9
vs_empty_cost; 10263.73
vs_empty_distance; 381.1
vs_empty_distance_with_depot; 381.1
vs_empty_duration_driving; 2575
vs_empty_duration_standing; 9886
vs_empty_duration_with_depot; 12461
vs_empty_trips; 209
vs_empty_trips_depot; 209
vs_feasible; true
vs_full_distance; 9165.5
vs_full_duration; 34135
vs_maximal_waiting_time; 26
vs_minimal_waiting_time; 3
vs_vehicles; 45
