ean_max_load_factor; 3.32
ean_prop_activities; 10028
ean_prop_activities_change; 8304
ean_prop_activities_drive; 754
ean_prop_activities_feas; 1724
ean_prop_activities_headway; 0
ean_prop_activities_objective; 2007
ean_prop_activities_od; 1305
ean_prop_activities_od_change; 283
ean_prop_activities_od_drive; 580
ean_prop_activities_od_wait; 442
ean_prop_activities_wait; 626
ean_prop_change_od_max; 125
ean_prop_change_od_min; 25
ean_prop_events; 1508
ean_prop_events_arrival; 754
ean_prop_events_departure; 754
ean_prop_headways_dep; true
ean_prop_headways_interstation; false
ean_time_average; 4.4
lc_average_distance; 16418.06
lc_average_edges; 5.26
lc_average_length; 30.19
lc_min_distance; 2869.93
lc_min_edges; 2
lc_min_length; 9.94
lc_time_average; 23.35
lc_var_distance; 85151608.29
lc_var_edges; 4.6
lc_var_length; 134.45
lpool_average_distance; 7789.12
lpool_average_edges; 1.73
lpool_average_length; 11.39
lpool_cost; 6433.33
lpool_feasible_circles; true
lpool_feasible_od; true
lpool_min_distance; 201.32
lpool_min_edges; 1
lpool_min_length; 0.2
lpool_prop_directed_lines; 254
lpool_time_average; 23.65
lpool_var_distance; 28943791.62
lpool_var_edges; 1.42
lpool_var_length; 83.28
od_prop_entries_greater_zero; 675
od_prop_overall_sum; 5581.18
tim_feasible; true
tim_number_of_transfers; 303
tim_obj_ptt1; 123428
tim_obj_slack_average; 24
tim_obj_slack_change_average; 10.42
tim_obj_slack_drive_average; 0
tim_obj_slack_headway_average; 0
tim_obj_slack_wait_average; 0
tim_perceived_time_average; 21.78
tim_prop_changes_od_max; 62
tim_prop_changes_od_min; 3
tim_time_average; 21.4
vs_average_waiting_time; 10.55
vs_circulations; 103
vs_cost; 40798.31
vs_empty_cost; 12067.61
vs_empty_distance; 105.91
vs_empty_distance_with_depot; 105.91
vs_empty_duration_driving; 370
vs_empty_duration_standing; 3491
vs_empty_duration_with_depot; 3861
vs_empty_trips; 26
vs_empty_trips_depot; 26
vs_feasible; true
vs_full_distance; 14599.35
vs_full_duration; 16396
vs_maximal_waiting_time; 47
vs_minimal_waiting_time; 0
vs_vehicles; 103
